[03/19 12:15:33] train_sl INFO: DotMap(setting='SL', dataset=DotMap(name='LawSchool', datadir='../data', feature='dss', type='pre-defined'), dataloader=DotMap(shuffle=True, batch_size=20, pin_memory=False), model=DotMap(architecture='RegressionNet', type='pre-defined', numclasses=10), ckpt=DotMap(is_load=False, is_save=True, dir='results/', save_every=20), loss=DotMap(type='MSELoss', use_sigmoid=False), optimizer=DotMap(type='adam', lr=0.01), scheduler=DotMap(type='StepLR', step_size=1, gamma=0.1), dss_args=DotMap(type='SELCON', fraction=0.05, select_every=10, kappa=0, delta=0.04, linear_layer=False, lam=1e-05, batch_sampler='sequential', selection_type='Supervised'), train_args=DotMap(num_epochs=10, device='cuda', print_every=1, results_dir='results/', print_args=['val_loss', 'val_acc', 'tst_loss', 'tst_acc', 'trn_loss', 'trn_acc', 'time'], return_args=[]))
[03/19 12:15:38] train_sl INFO: SELCON: starting pre compute
[03/19 12:15:39] train_sl INFO: SELCON: Finishing F phi
[03/19 12:16:03] train_sl INFO: SELCON: Finishing element wise F
485.25946044921875
457.26849365234375
419.37542724609375
351.92095947265625
302.5385437011719
284.9412841796875
239.65890502929688
209.03192138671875
168.70848083496094
138.35743713378906
123.9240951538086
101.13736724853516
82.8203353881836
60.389095306396484
55.14906311035156
40.391014099121094
31.174699783325195
22.30276107788086
15.243277549743652
9.140104293823242
5.970454216003418
2.280550956726074
1.2639617919921875
0.5960310697555542
0.5887570977210999
1.1971042156219482
1.7127089500427246
2.0489487648010254
3.922452926635742
5.2860236167907715
6.225299835205078
6.037045001983643
9.82574462890625
7.801849365234375
8.61299991607666
8.338821411132812
6.877161026000977
7.450187683105469
7.918808937072754
5.707224369049072
6.8803205490112305
7.8714141845703125
5.797760486602783
4.932184219360352
3.921261787414551
3.7870850563049316
3.5143163204193115
1.6661263704299927
1.6925640106201172
1.524949550628662
1.3152095079421997
0.6516532897949219
[03/19 12:16:04] train_sl INFO: Epoch: 1 , Validation Loss: 75.64235985279083 , Validation Accuracy: 0.0 , Test Loss: 74.92071342468262 , Test Accuracy: 0.0 , Training Loss: 662.2997337728739 , Training Accuracy: 0.0 , Timing: 0.08075237274169922
0.7229878902435303
0.9624093770980835
0.43399855494499207
0.7493919134140015
0.9427691698074341
0.6636621952056885
0.7016399502754211
0.6272728443145752
0.6862092018127441
0.7234246730804443
0.3996198773384094
0.6036103963851929
0.7505730390548706
0.5351148247718811
0.5650889873504639
0.556901752948761
0.528296947479248
0.9093567728996277
1.073392629623413
0.4098026752471924
0.30552443861961365
0.3219355046749115
0.43976306915283203
0.6471354961395264
0.5211139917373657
0.47813254594802856
0.492093950510025
0.5696933269500732
0.2389419674873352
0.6459462642669678
0.4945138096809387
0.33846384286880493
0.6028565168380737
0.4562492370605469
0.5768342614173889
0.5245014429092407
0.278693288564682
0.5256894826889038
0.6735293865203857
0.22084224224090576
0.6318479776382446
0.28127521276474
0.6980141997337341
0.3957131505012512
0.29281020164489746
0.28375163674354553
0.4928930401802063
0.4749542474746704
0.3780112862586975
0.5053678750991821
0.29045569896698
0.5731457471847534
[03/19 12:16:06] train_sl INFO: Epoch: 2 , Validation Loss: 53.69011156260967 , Validation Accuracy: 0.0 , Test Loss: 54.065108209848404 , Test Accuracy: 0.0 , Training Loss: 481.676761046052 , Training Accuracy: 0.0 , Timing: 0.08239173889160156
0.45388710498809814
0.29794901609420776
0.5280095338821411
0.37535881996154785
0.4472529888153076
0.43079689145088196
0.7203108072280884
0.3424971103668213
0.543226957321167
0.39068603515625
0.747338056564331
0.3155612349510193
0.6381243467330933
0.494573712348938
0.2956867218017578
0.433750182390213
0.2930870056152344
0.4659946858882904
0.34862011671066284
0.35998860001564026
0.41955193877220154
0.3666987419128418
0.5996095538139343
0.5519900321960449
0.4446026682853699
0.44316041469573975
0.8834392428398132
0.2767459750175476
0.31701213121414185
0.6644660234451294
0.6551795601844788
0.2942916750907898
0.8466084599494934
0.49152958393096924
0.5418510437011719
0.5655840039253235
0.7612768411636353
0.5294988751411438
0.7159968614578247
0.7707556486129761
0.5534805059432983
0.45775648951530457
0.6965359449386597
0.33320972323417664
0.6762180328369141
0.38676077127456665
0.2992972135543823
0.3301429748535156
0.37844252586364746
0.510384738445282
0.4305746555328369
0.32983869314193726
[03/19 12:16:07] train_sl INFO: Epoch: 3 , Validation Loss: 53.28823804855347 , Validation Accuracy: 0.0 , Test Loss: 53.704305335879326 , Test Accuracy: 0.0 , Training Loss: 479.3091362416744 , Training Accuracy: 0.0 , Timing: 0.08256387710571289
0.28109806776046753
0.6147285103797913
0.24766764044761658
0.3968889117240906
0.30968546867370605
0.46839529275894165
0.43027716875076294
0.4553159177303314
0.4430423676967621
0.31878662109375
0.5515499711036682
0.5077906847000122
0.5719953775405884
0.40693092346191406
0.24194234609603882
0.5941317081451416
0.3404492139816284
0.4905626177787781
0.29707610607147217
0.4908871650695801
0.37694674730300903
0.5213004350662231
0.5352986454963684
0.612560510635376
0.46948498487472534
0.5333840250968933
0.4578649699687958
0.6558420658111572
0.5709943175315857
0.36414405703544617
0.4445815682411194
0.6152322292327881
0.28691086173057556
0.4230939745903015
0.6041486263275146
0.5587899684906006
0.6444056630134583
0.4028525650501251
0.49078169465065
0.3633263111114502
0.8446972370147705
0.6058219075202942
0.4515778422355652
0.6688230633735657
0.5991218686103821
0.28407204151153564
0.36124226450920105
1.0266153812408447
0.45470982789993286
0.6142034530639648
0.454078733921051
0.6004409193992615
[03/19 12:16:09] train_sl INFO: Epoch: 4 , Validation Loss: 53.2490032017231 , Validation Accuracy: 0.0 , Test Loss: 53.66916626691818 , Test Accuracy: 0.0 , Training Loss: 479.08325669169426 , Training Accuracy: 0.0 , Timing: 0.07981586456298828
0.5772703886032104
0.3389691114425659
0.6366696357727051
0.3954762816429138
0.40070343017578125
0.5771397948265076
0.30884215235710144
0.5753756761550903
0.7417459487915039
0.5938358902931213
0.6669527292251587
0.42063015699386597
0.5324404835700989
0.34841102361679077
0.3551774024963379
0.669797420501709
0.32992255687713623
0.645195484161377
0.6454795598983765
0.5477158427238464
0.49604058265686035
0.3502540588378906
0.47440481185913086
0.5924950242042542
0.44874900579452515
0.2312529981136322
0.35241782665252686
0.7013950347900391
0.4660152196884155
0.7808303833007812
0.6581183671951294
0.33666709065437317
0.3693002760410309
0.22267642617225647
1.030548334121704
0.46246153116226196
0.27322474122047424
0.5172144770622253
0.266605943441391
0.5251042246818542
0.46935218572616577
0.6472148895263672
0.46145135164260864
0.2925613522529602
0.5822028517723083
0.2640739977359772
0.38855403661727905
0.3414756655693054
0.5671984553337097
0.46028369665145874
0.45079153776168823
0.5578581690788269
[03/19 12:16:10] train_sl INFO: Epoch: 5 , Validation Loss: 53.24465438723564 , Validation Accuracy: 0.0 , Test Loss: 53.66526301205158 , Test Accuracy: 0.0 , Training Loss: 479.0580196082592 , Training Accuracy: 0.0 , Timing: 0.0773775577545166
0.4610038995742798
0.44704365730285645
0.41506427526474
0.5286111831665039
0.5817580223083496
0.36668872833251953
0.9055884480476379
0.2674580514431
0.5461841225624084
0.3941383361816406
0.5532681941986084
0.4046972990036011
0.5963039994239807
0.4954415559768677
0.6226800680160522
0.20571210980415344
0.2097059190273285
0.47832581400871277
0.5739634037017822
0.6166564226150513
0.33381450176239014
0.4703384041786194
0.36445939540863037
0.3594971299171448
0.3533821403980255
0.29951396584510803
0.34944236278533936
0.2939867675304413
0.984085202217102
0.5273957252502441
0.6339610815048218
0.4487610459327698
0.3180525302886963
0.38615354895591736
0.39584678411483765
0.4116034507751465
0.3528417646884918
0.750707745552063
0.235577791929245
0.42416441440582275
0.6539137363433838
0.8197000026702881
0.5607433319091797
0.43881940841674805
0.5787644386291504
0.5965120196342468
0.6509110927581787
0.5401277542114258
0.9347243309020996
0.42813071608543396
0.4824361205101013
0.29681694507598877
[03/19 12:16:11] train_sl INFO: Epoch: 6 , Validation Loss: 53.24441662430763 , Validation Accuracy: 0.0 , Test Loss: 53.66505564749241 , Test Accuracy: 0.0 , Training Loss: 479.0568376928568 , Training Accuracy: 0.0 , Timing: 0.09124302864074707
0.3364936411380768
0.657204270362854
0.36835941672325134
0.6426756381988525
0.5113929510116577
0.34340789914131165
0.5820962190628052
0.37934961915016174
0.6279094219207764
0.5978538990020752
0.6961360573768616
0.6052572727203369
0.5919848084449768
0.8295601606369019
0.4624481797218323
0.28843221068382263
0.6830093264579773
0.275846004486084
0.3120298981666565
0.41348159313201904
0.471681147813797
0.3075106143951416
0.7589569687843323
0.38767945766448975
0.5236098766326904
0.4835699498653412
0.7442172169685364
0.5488865375518799
0.3141152858734131
0.39868372678756714
0.39780905842781067
0.6124788522720337
0.532707929611206
0.3435220718383789
0.23721420764923096
0.43924057483673096
0.4940357208251953
0.45800668001174927
0.5468947291374207
0.5151172280311584
0.5359561443328857
0.3475569188594818
0.2950952351093292
0.6236855983734131
0.6491109132766724
0.6782457828521729
0.4046304225921631
0.33651867508888245
0.48396098613739014
0.3365529477596283
0.39373666048049927
0.5395090579986572
[03/19 12:16:13] train_sl INFO: Epoch: 7 , Validation Loss: 53.24440884590149 , Validation Accuracy: 0.0 , Test Loss: 53.66504733264446 , Test Accuracy: 0.0 , Training Loss: 479.0567927509546 , Training Accuracy: 0.0 , Timing: 0.0753481388092041
0.48553454875946045
0.46804848313331604
0.2981978952884674
0.8204758167266846
0.39498141407966614
0.7064734101295471
0.472493052482605
0.38078808784484863
0.4732747972011566
0.4072158932685852
0.643323540687561
0.4139455556869507
0.25877708196640015
0.4586769938468933
0.3964873254299164
0.6685829758644104
0.5702012181282043
0.39532893896102905
0.2950458526611328
0.5471402406692505
0.777074933052063
0.4027376174926758
0.42142683267593384
0.622847318649292
0.31704390048980713
0.6813544034957886
0.5811241865158081
0.6745202541351318
0.4035540521144867
0.43196427822113037
0.7550047636032104
0.272585928440094
0.4998962879180908
0.3304157257080078
0.2932256758213043
0.6735731363296509
0.2852180600166321
0.3746126890182495
0.4682117700576782
0.507266640663147
0.5180081725120544
0.5133168697357178
0.36535900831222534
0.5971602201461792
0.4454135298728943
0.7602376937866211
0.3424704074859619
0.4179125726222992
0.4904862344264984
0.6033207774162292
0.5191614627838135
0.44392526149749756
[03/19 12:16:14] train_sl INFO: Epoch: 8 , Validation Loss: 53.24440884590149 , Validation Accuracy: 0.0 , Test Loss: 53.66504733264446 , Test Accuracy: 0.0 , Training Loss: 479.0567927509546 , Training Accuracy: 0.0 , Timing: 0.08244776725769043
0.35259780287742615
0.7559312582015991
0.3832746744155884
0.3480988144874573
0.45664188265800476
0.2986382246017456
0.5618810653686523
0.30596470832824707
1.3388855457305908
0.40619590878486633
0.3993288278579712
0.5593050718307495
0.49371349811553955
0.549177348613739
0.38632553815841675
0.414597749710083
0.42464545369148254
0.6314080357551575
0.30069035291671753
0.5490915775299072
0.7506816387176514
0.3926137089729309
0.580475926399231
0.38466688990592957
0.31175529956817627
0.2601185142993927
0.825867772102356
0.4880370795726776
0.9547512531280518
0.51224684715271
0.23916584253311157
0.38640496134757996
0.6279464960098267
0.4966645836830139
0.670348048210144
0.2809627056121826
0.37383681535720825
0.328635036945343
0.4080890417098999
0.45666593313217163
0.8509852290153503
0.4016496539115906
0.409247487783432
0.7451080083847046
0.45331278443336487
0.4187377691268921
0.24489328265190125
0.2925199866294861
0.5852655172348022
0.35024410486221313
0.7051770687103271
0.24195511639118195
[03/19 12:16:15] train_sl INFO: Epoch: 9 , Validation Loss: 53.24440884590149 , Validation Accuracy: 0.0 , Test Loss: 53.66504733264446 , Test Accuracy: 0.0 , Training Loss: 479.0567927509546 , Training Accuracy: 0.0 , Timing: 0.08266782760620117
0.31695425510406494
0.6629891395568848
0.30524230003356934
0.23337987065315247
0.5891897082328796
0.35741931200027466
0.6971467137336731
0.45336976647377014
0.4616532027721405
0.47006234526634216
0.5310047268867493
0.36175525188446045
0.6771004796028137
0.8940190076828003
0.7804265022277832
0.4649133086204529
0.6523690223693848
0.43328967690467834
0.3807547390460968
0.34759747982025146
0.5468229055404663
0.31704390048980713
0.4077169895172119
0.37206101417541504
0.2726127505302429
0.4286143183708191
0.3898579776287079
0.41966819763183594
0.6758862733840942
0.376457154750824
0.30611467361450195
0.5174143314361572
0.7038365602493286
0.2813945412635803
0.794941782951355
0.37853002548217773
0.5189075469970703
0.3018862307071686
0.6062780618667603
0.36261865496635437
0.5905629396438599
0.4841708838939667
0.4489227831363678
0.8901716470718384
0.654015302658081
0.6104298233985901
0.29903697967529297
0.3427886664867401
0.8203635215759277
0.3643869161605835
0.32767558097839355
0.46359819173812866
[03/19 12:16:16] train_sl INFO: Epoch: 10 , Validation Loss: 53.24440884590149 , Validation Accuracy: 0.0 , Test Loss: 53.66504733264446 , Test Accuracy: 0.0 , Training Loss: 479.0567927509546 , Training Accuracy: 0.0 , Timing: 0.08077263832092285
[03/19 12:16:18] train_sl INFO: SELCON Selection Run---------------------------------
[03/19 12:16:19] train_sl INFO: Final SubsetTrn: 25.345423936843872
[03/19 12:16:20] train_sl INFO: Validation Loss: 53.24 , Validation Accuracy: 0.00
[03/19 12:16:20] train_sl INFO: Test Loss: 53.67, Test Accuracy: 0.00
[03/19 12:16:21] train_sl INFO: ---------------------------------------------------------------------
[03/19 12:16:23] train_sl INFO: SELCON
[03/19 12:16:23] train_sl INFO: ---------------------------------------------------------------------
[03/19 12:16:24] train_sl INFO: Validation Accuracy,  , 0.0 , 0.0 , 0.0 , 0.0 , 0.0 , 0.0 , 0.0 , 0.0 , 0.0 , 0.0
[03/19 12:16:25] train_sl INFO: Test Accuracy,  , 0.0 , 0.0 , 0.0 , 0.0 , 0.0 , 0.0 , 0.0 , 0.0 , 0.0 , 0.0
[03/19 12:16:26] train_sl INFO: [0.08075237274169922, 0.08239173889160156, 0.08256387710571289, 0.07981586456298828, 0.0773775577545166, 0.09124302864074707, 0.0753481388092041, 0.08244776725769043, 0.08266782760620117, 0.08077263832092285]
[03/19 12:16:27] train_sl INFO: Total time taken by SELCON = 0.0002 
