[02/15 09:56:44] train_sl INFO: DotMap(setting='SL', dataset=DotMap(name='cifar10', datadir='../data', feature='dss', type='pre-defined'), dataloader=DotMap(shuffle=True, batch_size=20, pin_memory=True), model=DotMap(architecture='ResNet18', type='pre-defined', numclasses=10), ckpt=DotMap(is_load=False, is_save=True, dir='results/', save_every=20), loss=DotMap(type='CrossEntropyLoss', use_sigmoid=False), optimizer=DotMap(type='sgd', momentum=0.9, lr=0.01, weight_decay=0.0005), scheduler=DotMap(type='cosine_annealing', T_max=300), dss_args=DotMap(type='GLISTER-Warm', fraction=0.1, select_every=20, kappa=0.5, linear_layer=False, selection_type='Supervised', greedy='Stochastic'), train_args=DotMap(num_epochs=100, device='cuda', print_every=10, results_dir='results/', print_args=['val_loss', 'val_acc', 'tst_loss', 'tst_acc', 'time'], return_args=[]))
Files already downloaded and verified
Files already downloaded and verified
[02/15 09:56:53] train_sl INFO: Epoch: 1 , Validation Loss: 575.8849635124207 , Validation Accuracy: 0.1064 , Test Loss: 23.036668300628662 , Test Accuracy: 0.0999 , Timing: 0.00032520294189453125
[02/15 09:56:59] train_sl INFO: Epoch: 2 , Validation Loss: 575.8925361633301 , Validation Accuracy: 0.1066 , Test Loss: 23.036668300628662 , Test Accuracy: 0.0999 , Timing: 0.0003800392150878906
[02/15 09:57:04] train_sl INFO: Epoch: 3 , Validation Loss: 575.9020304679871 , Validation Accuracy: 0.1062 , Test Loss: 23.036668300628662 , Test Accuracy: 0.0999 , Timing: 0.00019931793212890625
[02/15 09:57:08] train_sl INFO: Epoch: 4 , Validation Loss: 575.8960874080658 , Validation Accuracy: 0.1064 , Test Loss: 23.036668300628662 , Test Accuracy: 0.0999 , Timing: 0.00017595291137695312
[02/15 09:57:13] train_sl INFO: Epoch: 5 , Validation Loss: 575.9003868103027 , Validation Accuracy: 0.1064 , Test Loss: 23.036668300628662 , Test Accuracy: 0.0999 , Timing: 0.00018095970153808594
[02/15 09:57:18] train_sl INFO: Epoch: 6 , Validation Loss: 575.9012537002563 , Validation Accuracy: 0.1062 , Test Loss: 23.036668300628662 , Test Accuracy: 0.0999 , Timing: 0.00017976760864257812
[02/15 09:57:23] train_sl INFO: Epoch: 7 , Validation Loss: 575.9029445648193 , Validation Accuracy: 0.1064 , Test Loss: 23.036668300628662 , Test Accuracy: 0.0999 , Timing: 0.0001735687255859375
[02/15 09:57:28] train_sl INFO: Epoch: 8 , Validation Loss: 575.8823661804199 , Validation Accuracy: 0.1066 , Test Loss: 23.036668300628662 , Test Accuracy: 0.0999 , Timing: 0.00017714500427246094
[02/15 09:57:32] train_sl INFO: Epoch: 9 , Validation Loss: 575.8877563476562 , Validation Accuracy: 0.1066 , Test Loss: 23.036668300628662 , Test Accuracy: 0.0999 , Timing: 0.00017571449279785156
[02/15 09:57:38] train_sl INFO: Epoch: 10 , Validation Loss: 575.9115083217621 , Validation Accuracy: 0.1066 , Test Loss: 23.036668300628662 , Test Accuracy: 0.0999 , Timing: 0.00018167495727539062
[02/15 09:57:43] train_sl INFO: Epoch: 11 , Validation Loss: 575.8970649242401 , Validation Accuracy: 0.1068 , Test Loss: 23.036668300628662 , Test Accuracy: 0.0999 , Timing: 0.0002167224884033203
[02/15 09:57:47] train_sl INFO: Epoch: 12 , Validation Loss: 575.895003080368 , Validation Accuracy: 0.106 , Test Loss: 23.036668300628662 , Test Accuracy: 0.0999 , Timing: 0.00021958351135253906
[02/15 09:57:52] train_sl INFO: Epoch: 13 , Validation Loss: 575.9202134609222 , Validation Accuracy: 0.1064 , Test Loss: 23.036668300628662 , Test Accuracy: 0.0999 , Timing: 0.00021457672119140625
[02/15 09:57:57] train_sl INFO: Epoch: 14 , Validation Loss: 575.9161067008972 , Validation Accuracy: 0.106 , Test Loss: 23.036668300628662 , Test Accuracy: 0.0999 , Timing: 0.00018358230590820312
[02/15 09:58:02] train_sl INFO: Epoch: 15 , Validation Loss: 575.9156064987183 , Validation Accuracy: 0.1062 , Test Loss: 23.036668300628662 , Test Accuracy: 0.0999 , Timing: 0.00025391578674316406
[02/15 09:58:07] train_sl INFO: Epoch: 16 , Validation Loss: 575.8995127677917 , Validation Accuracy: 0.1062 , Test Loss: 23.036668300628662 , Test Accuracy: 0.0999 , Timing: 0.00017547607421875
[02/15 09:58:12] train_sl INFO: Epoch: 17 , Validation Loss: 575.9025628566742 , Validation Accuracy: 0.1064 , Test Loss: 23.036668300628662 , Test Accuracy: 0.0999 , Timing: 0.00017786026000976562
[02/15 09:58:17] train_sl INFO: Epoch: 18 , Validation Loss: 575.8866329193115 , Validation Accuracy: 0.1066 , Test Loss: 23.036668300628662 , Test Accuracy: 0.0999 , Timing: 0.0001742839813232422
[02/15 09:58:22] train_sl INFO: Epoch: 19 , Validation Loss: 575.8968386650085 , Validation Accuracy: 0.1064 , Test Loss: 23.036668300628662 , Test Accuracy: 0.0999 , Timing: 0.0001850128173828125
[02/15 09:58:27] train_sl INFO: Epoch: 20 , Validation Loss: 575.8963301181793 , Validation Accuracy: 0.1062 , Test Loss: 23.036668300628662 , Test Accuracy: 0.0999 , Timing: 0.00018095970153808594
[02/15 09:58:27] train_sl INFO: Model checkpoint saved at epoch: %d
[02/15 09:58:32] train_sl INFO: Epoch: 21 , Validation Loss: 575.9073283672333 , Validation Accuracy: 0.1066 , Test Loss: 23.036668300628662 , Test Accuracy: 0.0999 , Timing: 0.00026106834411621094
[02/15 09:58:37] train_sl INFO: Epoch: 22 , Validation Loss: 575.9096758365631 , Validation Accuracy: 0.1066 , Test Loss: 23.036668300628662 , Test Accuracy: 0.0999 , Timing: 0.00018596649169921875
[02/15 09:58:41] train_sl INFO: Epoch: 23 , Validation Loss: 575.8972961902618 , Validation Accuracy: 0.1066 , Test Loss: 23.036668300628662 , Test Accuracy: 0.0999 , Timing: 0.00016880035400390625
[02/15 09:58:46] train_sl INFO: Epoch: 24 , Validation Loss: 575.9136338233948 , Validation Accuracy: 0.1062 , Test Loss: 23.036668300628662 , Test Accuracy: 0.0999 , Timing: 0.0003235340118408203
[02/15 09:58:51] train_sl INFO: Epoch: 25 , Validation Loss: 575.9017996788025 , Validation Accuracy: 0.1066 , Test Loss: 23.036668300628662 , Test Accuracy: 0.0999 , Timing: 0.00025844573974609375
[02/15 09:58:56] train_sl INFO: Epoch: 26 , Validation Loss: 575.9187021255493 , Validation Accuracy: 0.1068 , Test Loss: 23.036668300628662 , Test Accuracy: 0.0999 , Timing: 0.0001857280731201172
[02/15 09:59:01] train_sl INFO: Epoch: 27 , Validation Loss: 575.8946900367737 , Validation Accuracy: 0.1066 , Test Loss: 23.036668300628662 , Test Accuracy: 0.0999 , Timing: 0.00017976760864257812
[02/15 09:59:06] train_sl INFO: Epoch: 28 , Validation Loss: 575.8937449455261 , Validation Accuracy: 0.1064 , Test Loss: 23.036668300628662 , Test Accuracy: 0.0999 , Timing: 0.0001811981201171875
[02/15 09:59:11] train_sl INFO: Epoch: 29 , Validation Loss: 575.8970248699188 , Validation Accuracy: 0.1064 , Test Loss: 23.036668300628662 , Test Accuracy: 0.0999 , Timing: 0.0002167224884033203
[02/15 09:59:15] train_sl INFO: Epoch: 30 , Validation Loss: 575.9034857749939 , Validation Accuracy: 0.1062 , Test Loss: 23.036668300628662 , Test Accuracy: 0.0999 , Timing: 0.00018739700317382812
[02/15 09:59:20] train_sl INFO: Epoch: 31 , Validation Loss: 575.9048030376434 , Validation Accuracy: 0.1064 , Test Loss: 23.036668300628662 , Test Accuracy: 0.0999 , Timing: 0.0001747608184814453
[02/15 09:59:25] train_sl INFO: Epoch: 32 , Validation Loss: 575.9008984565735 , Validation Accuracy: 0.1064 , Test Loss: 23.036668300628662 , Test Accuracy: 0.0999 , Timing: 0.00017952919006347656
[02/15 09:59:30] train_sl INFO: Epoch: 33 , Validation Loss: 575.8890874385834 , Validation Accuracy: 0.1068 , Test Loss: 23.036668300628662 , Test Accuracy: 0.0999 , Timing: 0.00017380714416503906
[02/15 09:59:34] train_sl INFO: Epoch: 34 , Validation Loss: 575.884797334671 , Validation Accuracy: 0.1062 , Test Loss: 23.036668300628662 , Test Accuracy: 0.0999 , Timing: 0.00018310546875
[02/15 09:59:39] train_sl INFO: Epoch: 35 , Validation Loss: 575.9061925411224 , Validation Accuracy: 0.106 , Test Loss: 23.036668300628662 , Test Accuracy: 0.0999 , Timing: 0.00016927719116210938
[02/15 09:59:44] train_sl INFO: Epoch: 36 , Validation Loss: 575.8873066902161 , Validation Accuracy: 0.1068 , Test Loss: 23.036668300628662 , Test Accuracy: 0.0999 , Timing: 0.00018477439880371094
[02/15 09:59:50] train_sl INFO: Epoch: 37 , Validation Loss: 575.8995401859283 , Validation Accuracy: 0.1064 , Test Loss: 23.036668300628662 , Test Accuracy: 0.0999 , Timing: 0.00017833709716796875
[02/15 09:59:55] train_sl INFO: Epoch: 38 , Validation Loss: 575.9016740322113 , Validation Accuracy: 0.1062 , Test Loss: 23.036668300628662 , Test Accuracy: 0.0999 , Timing: 0.00023698806762695312
[02/15 10:00:00] train_sl INFO: Epoch: 39 , Validation Loss: 575.9016942977905 , Validation Accuracy: 0.1062 , Test Loss: 23.036668300628662 , Test Accuracy: 0.0999 , Timing: 0.0001819133758544922
[02/15 10:00:05] train_sl INFO: Epoch: 40 , Validation Loss: 575.8829460144043 , Validation Accuracy: 0.1066 , Test Loss: 23.036668300628662 , Test Accuracy: 0.0999 , Timing: 0.0001766681671142578
[02/15 10:00:06] train_sl INFO: Model checkpoint saved at epoch: %d
[02/15 10:00:11] train_sl INFO: Epoch: 41 , Validation Loss: 575.905309677124 , Validation Accuracy: 0.1064 , Test Loss: 23.036668300628662 , Test Accuracy: 0.0999 , Timing: 0.0002117156982421875
[02/15 10:00:16] train_sl INFO: Epoch: 42 , Validation Loss: 575.9069447517395 , Validation Accuracy: 0.1064 , Test Loss: 23.036668300628662 , Test Accuracy: 0.0999 , Timing: 0.00017118453979492188
[02/15 10:00:21] train_sl INFO: Epoch: 43 , Validation Loss: 575.8999280929565 , Validation Accuracy: 0.1066 , Test Loss: 23.036668300628662 , Test Accuracy: 0.0999 , Timing: 0.00017571449279785156
[02/15 10:00:26] train_sl INFO: Epoch: 44 , Validation Loss: 575.8926661014557 , Validation Accuracy: 0.1062 , Test Loss: 23.036668300628662 , Test Accuracy: 0.0999 , Timing: 0.0001862049102783203
[02/15 10:00:31] train_sl INFO: Epoch: 45 , Validation Loss: 575.8812384605408 , Validation Accuracy: 0.1064 , Test Loss: 23.036668300628662 , Test Accuracy: 0.0999 , Timing: 0.00026488304138183594
[02/15 10:00:36] train_sl INFO: Epoch: 46 , Validation Loss: 575.8920607566833 , Validation Accuracy: 0.1062 , Test Loss: 23.036668300628662 , Test Accuracy: 0.0999 , Timing: 0.00018548965454101562
[02/15 10:00:42] train_sl INFO: Epoch: 47 , Validation Loss: 575.9178757667542 , Validation Accuracy: 0.106 , Test Loss: 23.036668300628662 , Test Accuracy: 0.0999 , Timing: 0.0001857280731201172
[02/15 10:00:47] train_sl INFO: Epoch: 48 , Validation Loss: 575.9050347805023 , Validation Accuracy: 0.1064 , Test Loss: 23.036668300628662 , Test Accuracy: 0.0999 , Timing: 0.000293731689453125
[02/15 10:00:52] train_sl INFO: Epoch: 49 , Validation Loss: 575.8936100006104 , Validation Accuracy: 0.1062 , Test Loss: 23.036668300628662 , Test Accuracy: 0.0999 , Timing: 0.00035572052001953125
[02/15 10:00:58] train_sl INFO: Epoch: 50 , Validation Loss: 575.8993239402771 , Validation Accuracy: 0.1062 , Test Loss: 23.036668300628662 , Test Accuracy: 0.0999 , Timing: 0.0001895427703857422
[02/15 10:01:03] train_sl INFO: Epoch: 51 , Validation Loss: 1276.2485928535461 , Validation Accuracy: 0.1402 , Test Loss: 55.949007987976074 , Test Accuracy: 0.1419 , Timing: 0.5881872177124023
[02/15 10:01:09] train_sl INFO: Epoch: 52 , Validation Loss: 1097.4205341339111 , Validation Accuracy: 0.205 , Test Loss: 48.234580516815186 , Test Accuracy: 0.2021 , Timing: 0.4470188617706299
[02/15 10:01:15] train_sl INFO: Epoch: 53 , Validation Loss: 537.8749785423279 , Validation Accuracy: 0.263 , Test Loss: 21.676602125167847 , Test Accuracy: 0.2597 , Timing: 0.44522643089294434
[02/15 10:01:21] train_sl INFO: Epoch: 54 , Validation Loss: 567.6654801368713 , Validation Accuracy: 0.2472 , Test Loss: 22.730354070663452 , Test Accuracy: 0.2531 , Timing: 0.5905711650848389
[02/15 10:01:26] train_sl INFO: Epoch: 55 , Validation Loss: 540.8527282476425 , Validation Accuracy: 0.256 , Test Loss: 21.00495743751526 , Test Accuracy: 0.2662 , Timing: 0.43114566802978516
[02/15 10:01:32] train_sl INFO: Epoch: 56 , Validation Loss: 566.4871520996094 , Validation Accuracy: 0.2522 , Test Loss: 22.668849229812622 , Test Accuracy: 0.2666 , Timing: 0.582319974899292
[02/15 10:01:38] train_sl INFO: Epoch: 57 , Validation Loss: 500.1376178264618 , Validation Accuracy: 0.2782 , Test Loss: 19.738472819328308 , Test Accuracy: 0.2982 , Timing: 0.5923213958740234
[02/15 10:01:44] train_sl INFO: Epoch: 58 , Validation Loss: 489.7885767221451 , Validation Accuracy: 0.2904 , Test Loss: 19.085042715072632 , Test Accuracy: 0.3131 , Timing: 0.460646390914917
[02/15 10:01:49] train_sl INFO: Epoch: 59 , Validation Loss: 512.0504419803619 , Validation Accuracy: 0.261 , Test Loss: 20.391645312309265 , Test Accuracy: 0.2744 , Timing: 0.4287998676300049
[02/15 10:01:54] train_sl INFO: Epoch: 60 , Validation Loss: 515.3606917858124 , Validation Accuracy: 0.305 , Test Loss: 20.862523555755615 , Test Accuracy: 0.3001 , Timing: 0.44385194778442383
[02/15 10:01:55] train_sl INFO: Model checkpoint saved at epoch: %d
[02/15 10:02:15] train_sl INFO: Epoch: 61, GLISTER dataloader subset selection finished, takes 20.5513. 
[02/15 10:02:21] train_sl INFO: Epoch: 61 , Validation Loss: 602.890979886055 , Validation Accuracy: 0.2342 , Test Loss: 24.890498638153076 , Test Accuracy: 0.2367 , Timing: 21.04797124862671
[02/15 10:02:26] train_sl INFO: Epoch: 62 , Validation Loss: 558.2649881839752 , Validation Accuracy: 0.231 , Test Loss: 22.10504961013794 , Test Accuracy: 0.2506 , Timing: 0.4880077838897705
[02/15 10:02:32] train_sl INFO: Epoch: 63 , Validation Loss: 574.9999133348465 , Validation Accuracy: 0.2424 , Test Loss: 23.83481740951538 , Test Accuracy: 0.2377 , Timing: 0.47539377212524414
[02/15 10:02:37] train_sl INFO: Epoch: 64 , Validation Loss: 612.0170366764069 , Validation Accuracy: 0.2584 , Test Loss: 25.452330350875854 , Test Accuracy: 0.254 , Timing: 0.496488094329834
[02/15 10:02:43] train_sl INFO: Epoch: 65 , Validation Loss: 555.1256477832794 , Validation Accuracy: 0.2386 , Test Loss: 23.107681274414062 , Test Accuracy: 0.2418 , Timing: 0.48206043243408203
[02/15 10:02:48] train_sl INFO: Epoch: 66 , Validation Loss: 507.74697399139404 , Validation Accuracy: 0.2452 , Test Loss: 20.354674696922302 , Test Accuracy: 0.2447 , Timing: 0.4666280746459961
[02/15 10:02:53] train_sl INFO: Epoch: 67 , Validation Loss: 595.4678429365158 , Validation Accuracy: 0.2266 , Test Loss: 24.343201398849487 , Test Accuracy: 0.2304 , Timing: 0.5506126880645752
[02/15 10:02:59] train_sl INFO: Epoch: 68 , Validation Loss: 543.6336140632629 , Validation Accuracy: 0.2384 , Test Loss: 22.010664701461792 , Test Accuracy: 0.2484 , Timing: 0.5128216743469238
[02/15 10:03:04] train_sl INFO: Epoch: 69 , Validation Loss: 655.9523375034332 , Validation Accuracy: 0.2342 , Test Loss: 27.751111030578613 , Test Accuracy: 0.2329 , Timing: 0.4566953182220459
[02/15 10:03:09] train_sl INFO: Epoch: 70 , Validation Loss: 557.0768249034882 , Validation Accuracy: 0.2508 , Test Loss: 22.52229619026184 , Test Accuracy: 0.26 , Timing: 0.5287799835205078
[02/15 10:03:15] train_sl INFO: Epoch: 71 , Validation Loss: 616.4558254480362 , Validation Accuracy: 0.261 , Test Loss: 25.232964754104614 , Test Accuracy: 0.2613 , Timing: 0.5447511672973633
[02/15 10:03:20] train_sl INFO: Epoch: 72 , Validation Loss: 590.1781983375549 , Validation Accuracy: 0.241 , Test Loss: 24.571335315704346 , Test Accuracy: 0.2522 , Timing: 0.5050504207611084
[02/15 10:03:25] train_sl INFO: Epoch: 73 , Validation Loss: 568.4299517869949 , Validation Accuracy: 0.2612 , Test Loss: 23.107757806777954 , Test Accuracy: 0.2586 , Timing: 0.4945993423461914
[02/15 10:03:31] train_sl INFO: Epoch: 74 , Validation Loss: 580.0064215660095 , Validation Accuracy: 0.2478 , Test Loss: 23.96454644203186 , Test Accuracy: 0.2394 , Timing: 0.5075209140777588
[02/15 10:03:36] train_sl INFO: Epoch: 75 , Validation Loss: 534.6920435428619 , Validation Accuracy: 0.245 , Test Loss: 21.406105995178223 , Test Accuracy: 0.2532 , Timing: 0.4710679054260254
[02/15 10:03:41] train_sl INFO: Epoch: 76 , Validation Loss: 597.739296913147 , Validation Accuracy: 0.2548 , Test Loss: 24.239738941192627 , Test Accuracy: 0.2642 , Timing: 0.4860267639160156
[02/15 10:03:47] train_sl INFO: Epoch: 77 , Validation Loss: 606.4732602834702 , Validation Accuracy: 0.2456 , Test Loss: 25.103012800216675 , Test Accuracy: 0.2615 , Timing: 0.44780492782592773
[02/15 10:03:52] train_sl INFO: Epoch: 78 , Validation Loss: 555.4465955495834 , Validation Accuracy: 0.246 , Test Loss: 22.441093921661377 , Test Accuracy: 0.2542 , Timing: 0.517704963684082
[02/15 10:03:58] train_sl INFO: Epoch: 79 , Validation Loss: 678.618913769722 , Validation Accuracy: 0.243 , Test Loss: 26.817399501800537 , Test Accuracy: 0.2555 , Timing: 0.539928674697876
[02/15 10:04:03] train_sl INFO: Epoch: 80 , Validation Loss: 573.970885515213 , Validation Accuracy: 0.2576 , Test Loss: 23.535966396331787 , Test Accuracy: 0.2728 , Timing: 0.44620800018310547
[02/15 10:04:04] train_sl INFO: Model checkpoint saved at epoch: %d
[02/15 10:04:25] train_sl INFO: Epoch: 81, GLISTER dataloader subset selection finished, takes 21.0179. 
[02/15 10:04:30] train_sl INFO: Epoch: 81 , Validation Loss: 1274.1001098155975 , Validation Accuracy: 0.1304 , Test Loss: 52.98204755783081 , Test Accuracy: 0.1422 , Timing: 21.521798372268677
[02/15 10:04:36] train_sl INFO: Epoch: 82 , Validation Loss: 1283.1611669063568 , Validation Accuracy: 0.1436 , Test Loss: 52.89146184921265 , Test Accuracy: 0.155 , Timing: 0.4188191890716553
[02/15 10:04:41] train_sl INFO: Epoch: 83 , Validation Loss: 1111.752103805542 , Validation Accuracy: 0.1728 , Test Loss: 44.907835960388184 , Test Accuracy: 0.1909 , Timing: 0.5881249904632568
[02/15 10:04:47] train_sl INFO: Epoch: 84 , Validation Loss: 1111.2014229297638 , Validation Accuracy: 0.1772 , Test Loss: 45.301873207092285 , Test Accuracy: 0.1893 , Timing: 0.5691001415252686
[02/15 10:04:53] train_sl INFO: Epoch: 85 , Validation Loss: 1246.5553436279297 , Validation Accuracy: 0.1616 , Test Loss: 50.37552356719971 , Test Accuracy: 0.1837 , Timing: 0.5052459239959717
[02/15 10:04:59] train_sl INFO: Epoch: 86 , Validation Loss: 1211.9572801589966 , Validation Accuracy: 0.205 , Test Loss: 49.107354164123535 , Test Accuracy: 0.2301 , Timing: 0.44802355766296387
[02/15 10:05:05] train_sl INFO: Epoch: 87 , Validation Loss: 1271.059195280075 , Validation Accuracy: 0.1874 , Test Loss: 50.98943853378296 , Test Accuracy: 0.2102 , Timing: 0.4208803176879883
[02/15 10:05:11] train_sl INFO: Epoch: 88 , Validation Loss: 1190.6800274848938 , Validation Accuracy: 0.2132 , Test Loss: 47.897948265075684 , Test Accuracy: 0.2312 , Timing: 0.44112467765808105
[02/15 10:05:17] train_sl INFO: Epoch: 89 , Validation Loss: 1406.5618526935577 , Validation Accuracy: 0.1798 , Test Loss: 55.87654781341553 , Test Accuracy: 0.1959 , Timing: 0.5102534294128418
[02/15 10:05:22] train_sl INFO: Epoch: 90 , Validation Loss: 1565.8559148311615 , Validation Accuracy: 0.1856 , Test Loss: 61.79391574859619 , Test Accuracy: 0.2144 , Timing: 0.5056972503662109
[02/15 10:05:28] train_sl INFO: Epoch: 91 , Validation Loss: 1384.625888824463 , Validation Accuracy: 0.2104 , Test Loss: 55.46415042877197 , Test Accuracy: 0.2222 , Timing: 0.577216625213623
[02/15 10:05:34] train_sl INFO: Epoch: 92 , Validation Loss: 1350.694449186325 , Validation Accuracy: 0.1932 , Test Loss: 54.62526798248291 , Test Accuracy: 0.2197 , Timing: 0.5183794498443604
[02/15 10:05:40] train_sl INFO: Epoch: 93 , Validation Loss: 1432.6413836479187 , Validation Accuracy: 0.1892 , Test Loss: 56.43939828872681 , Test Accuracy: 0.2113 , Timing: 0.45343518257141113
[02/15 10:05:45] train_sl INFO: Epoch: 94 , Validation Loss: 1455.9799811840057 , Validation Accuracy: 0.173 , Test Loss: 56.49314737319946 , Test Accuracy: 0.2027 , Timing: 0.6186978816986084
[02/15 10:05:51] train_sl INFO: Epoch: 95 , Validation Loss: 1437.7659738063812 , Validation Accuracy: 0.2018 , Test Loss: 58.489691734313965 , Test Accuracy: 0.2282 , Timing: 0.49601078033447266
[02/15 10:05:57] train_sl INFO: Epoch: 96 , Validation Loss: 1407.7339987754822 , Validation Accuracy: 0.2164 , Test Loss: 57.795814990997314 , Test Accuracy: 0.2349 , Timing: 0.5089461803436279
[02/15 10:06:03] train_sl INFO: Epoch: 97 , Validation Loss: 1538.390861272812 , Validation Accuracy: 0.187 , Test Loss: 61.31274175643921 , Test Accuracy: 0.2008 , Timing: 0.506232738494873
[02/15 10:06:09] train_sl INFO: Epoch: 98 , Validation Loss: 1546.3830275535583 , Validation Accuracy: 0.2046 , Test Loss: 62.36918783187866 , Test Accuracy: 0.2272 , Timing: 0.6130571365356445
[02/15 10:06:15] train_sl INFO: Epoch: 99 , Validation Loss: 1497.0347785949707 , Validation Accuracy: 0.1926 , Test Loss: 60.982357025146484 , Test Accuracy: 0.2015 , Timing: 0.6238014698028564
[02/15 10:06:20] train_sl INFO: Epoch: 100 , Validation Loss: 1591.2610507011414 , Validation Accuracy: 0.2036 , Test Loss: 64.04308652877808 , Test Accuracy: 0.2341 , Timing: 0.5905478000640869
[02/15 10:06:21] train_sl INFO: Model checkpoint saved at epoch: %d
[02/15 10:06:21] train_sl INFO: GLISTER-Warm Selection Run---------------------------------
[02/15 10:06:21] train_sl INFO: Final SubsetTrn: %f
[02/15 10:06:21] train_sl INFO: Validation Loss: 1591.26 , Validation Accuracy: 0.20
[02/15 10:06:21] train_sl INFO: Test Loss: 64.04, Test Accuracy: 0.23
[02/15 10:06:21] train_sl INFO: ---------------------------------------------------------------------
[02/15 10:06:21] train_sl INFO: GLISTER-Warm
[02/15 10:06:21] train_sl INFO: ---------------------------------------------------------------------
[02/15 10:06:21] train_sl INFO: Validation Accuracy,  , 0.1064 , 0.1066 , 0.1062 , 0.1064 , 0.1064 , 0.1062 , 0.1064 , 0.1066 , 0.1066 , 0.1066 , 0.1068 , 0.106 , 0.1064 , 0.106 , 0.1062 , 0.1062 , 0.1064 , 0.1066 , 0.1064 , 0.1062 , 0.1066 , 0.1066 , 0.1066 , 0.1062 , 0.1066 , 0.1068 , 0.1066 , 0.1064 , 0.1064 , 0.1062 , 0.1064 , 0.1064 , 0.1068 , 0.1062 , 0.106 , 0.1068 , 0.1064 , 0.1062 , 0.1062 , 0.1066 , 0.1064 , 0.1064 , 0.1066 , 0.1062 , 0.1064 , 0.1062 , 0.106 , 0.1064 , 0.1062 , 0.1062 , 0.1402 , 0.205 , 0.263 , 0.2472 , 0.256 , 0.2522 , 0.2782 , 0.2904 , 0.261 , 0.305 , 0.2342 , 0.231 , 0.2424 , 0.2584 , 0.2386 , 0.2452 , 0.2266 , 0.2384 , 0.2342 , 0.2508 , 0.261 , 0.241 , 0.2612 , 0.2478 , 0.245 , 0.2548 , 0.2456 , 0.246 , 0.243 , 0.2576 , 0.1304 , 0.1436 , 0.1728 , 0.1772 , 0.1616 , 0.205 , 0.1874 , 0.2132 , 0.1798 , 0.1856 , 0.2104 , 0.1932 , 0.1892 , 0.173 , 0.2018 , 0.2164 , 0.187 , 0.2046 , 0.1926 , 0.2036
[02/15 10:06:21] train_sl INFO: Test Accuracy,  , 0.0999 , 0.0999 , 0.0999 , 0.0999 , 0.0999 , 0.0999 , 0.0999 , 0.0999 , 0.0999 , 0.0999 , 0.0999 , 0.0999 , 0.0999 , 0.0999 , 0.0999 , 0.0999 , 0.0999 , 0.0999 , 0.0999 , 0.0999 , 0.0999 , 0.0999 , 0.0999 , 0.0999 , 0.0999 , 0.0999 , 0.0999 , 0.0999 , 0.0999 , 0.0999 , 0.0999 , 0.0999 , 0.0999 , 0.0999 , 0.0999 , 0.0999 , 0.0999 , 0.0999 , 0.0999 , 0.0999 , 0.0999 , 0.0999 , 0.0999 , 0.0999 , 0.0999 , 0.0999 , 0.0999 , 0.0999 , 0.0999 , 0.0999 , 0.1419 , 0.2021 , 0.2597 , 0.2531 , 0.2662 , 0.2666 , 0.2982 , 0.3131 , 0.2744 , 0.3001 , 0.2367 , 0.2506 , 0.2377 , 0.254 , 0.2418 , 0.2447 , 0.2304 , 0.2484 , 0.2329 , 0.26 , 0.2613 , 0.2522 , 0.2586 , 0.2394 , 0.2532 , 0.2642 , 0.2615 , 0.2542 , 0.2555 , 0.2728 , 0.1422 , 0.155 , 0.1909 , 0.1893 , 0.1837 , 0.2301 , 0.2102 , 0.2312 , 0.1959 , 0.2144 , 0.2222 , 0.2197 , 0.2113 , 0.2027 , 0.2282 , 0.2349 , 0.2008 , 0.2272 , 0.2015 , 0.2341
[02/15 10:06:21] train_sl INFO: [0.00032520294189453125, 0.0003800392150878906, 0.00019931793212890625, 0.00017595291137695312, 0.00018095970153808594, 0.00017976760864257812, 0.0001735687255859375, 0.00017714500427246094, 0.00017571449279785156, 0.00018167495727539062, 0.0002167224884033203, 0.00021958351135253906, 0.00021457672119140625, 0.00018358230590820312, 0.00025391578674316406, 0.00017547607421875, 0.00017786026000976562, 0.0001742839813232422, 0.0001850128173828125, 0.00018095970153808594, 0.00026106834411621094, 0.00018596649169921875, 0.00016880035400390625, 0.0003235340118408203, 0.00025844573974609375, 0.0001857280731201172, 0.00017976760864257812, 0.0001811981201171875, 0.0002167224884033203, 0.00018739700317382812, 0.0001747608184814453, 0.00017952919006347656, 0.00017380714416503906, 0.00018310546875, 0.00016927719116210938, 0.00018477439880371094, 0.00017833709716796875, 0.00023698806762695312, 0.0001819133758544922, 0.0001766681671142578, 0.0002117156982421875, 0.00017118453979492188, 0.00017571449279785156, 0.0001862049102783203, 0.00026488304138183594, 0.00018548965454101562, 0.0001857280731201172, 0.000293731689453125, 0.00035572052001953125, 0.0001895427703857422, 0.5881872177124023, 0.4470188617706299, 0.44522643089294434, 0.5905711650848389, 0.43114566802978516, 0.582319974899292, 0.5923213958740234, 0.460646390914917, 0.4287998676300049, 0.44385194778442383, 21.04797124862671, 0.4880077838897705, 0.47539377212524414, 0.496488094329834, 0.48206043243408203, 0.4666280746459961, 0.5506126880645752, 0.5128216743469238, 0.4566953182220459, 0.5287799835205078, 0.5447511672973633, 0.5050504207611084, 0.4945993423461914, 0.5075209140777588, 0.4710679054260254, 0.4860267639160156, 0.44780492782592773, 0.517704963684082, 0.539928674697876, 0.44620800018310547, 21.521798372268677, 0.4188191890716553, 0.5881249904632568, 0.5691001415252686, 0.5052459239959717, 0.44802355766296387, 0.4208803176879883, 0.44112467765808105, 0.5102534294128418, 0.5056972503662109, 0.577216625213623, 0.5183794498443604, 0.45343518257141113, 0.6186978816986084, 0.49601078033447266, 0.5089461803436279, 0.506232738494873, 0.6130571365356445, 0.6238014698028564, 0.5905478000640869]
[02/15 10:06:21] train_sl INFO: Total time taken by GLISTER-Warm = 0.0186 
