[03/22 11:29:55] train_sl INFO: DotMap(setting='SL', dataset=DotMap(name='LawSchool', datadir='../data', feature='dss', type='pre-defined'), dataloader=DotMap(shuffle=True, batch_size=100, pin_memory=False), model=DotMap(architecture='RegressionNet', type='pre-defined', input_dim=10, numclasses=10), ckpt=DotMap(is_load=False, is_save=True, dir='results/', save_every=20), loss=DotMap(type='MeanSquaredLoss', use_sigmoid=False), optimizer=DotMap(type='adam', lr=0.01), scheduler=DotMap(type='StepLR', step_size=1, gamma=0.1), dss_args=DotMap(type='SELCON', fraction=0.01, select_every=20, kappa=0, delta=0.04, linear_layer=False, lam=1e-05, batch_sampler='sequential', selection_type='Supervised'), train_args=DotMap(num_epochs=200, device='cuda', print_every=1, results_dir='results/', print_args=['val_loss', 'tst_loss', 'trn_loss', 'time'], return_args=[]))
[03/22 11:30:01] train_sl INFO: SELCON: starting pre compute
[03/22 11:30:12] train_sl INFO: SELCON: Finishing F phi
[03/22 11:30:15] train_sl INFO: SELCON: Finishing element wise F
[03/22 11:30:15] train_sl INFO: Epoch: 1 , Validation Loss: 42.6141752243042 , Test Loss: 42.94964828491211 , Training Loss: 38.96265394871052 , Timing: 0.004319906234741211
[03/22 11:30:15] train_sl INFO: Epoch: 2 , Validation Loss: 12.245157599449158 , Test Loss: 12.489927554130555 , Training Loss: 9.937408346396227 , Timing: 0.004128694534301758
[03/22 11:30:15] train_sl INFO: Epoch: 3 , Validation Loss: 1.7160685300827025 , Test Loss: 1.7937773421406746 , Training Loss: 1.0893259277710547 , Timing: 0.003965616226196289
[03/22 11:30:15] train_sl INFO: Epoch: 4 , Validation Loss: 3.2957755833864213 , Test Loss: 3.19835749566555 , Training Loss: 4.204889855705774 , Timing: 0.004081249237060547
[03/22 11:30:15] train_sl INFO: Epoch: 5 , Validation Loss: 7.177734434604645 , Test Loss: 6.974777334928513 , Training Loss: 8.955101244724714 , Timing: 0.004028797149658203
[03/22 11:30:15] train_sl INFO: Epoch: 6 , Validation Loss: 7.486234021186829 , Test Loss: 7.278034406900406 , Training Loss: 9.297419818548056 , Timing: 0.0039365291595458984
[03/22 11:30:16] train_sl INFO: Epoch: 7 , Validation Loss: 4.715141922235489 , Test Loss: 4.574283388257027 , Training Loss: 5.965404269786982 , Timing: 0.004103422164916992
[03/22 11:30:16] train_sl INFO: Epoch: 8 , Validation Loss: 1.9149330705404282 , Test Loss: 1.8671801149845124 , Training Loss: 2.377088596041386 , Timing: 0.003871917724609375
[03/22 11:30:16] train_sl INFO: Epoch: 9 , Validation Loss: 1.08095323741436 , Test Loss: 1.114061787724495 , Training Loss: 0.8341257087886333 , Timing: 0.004019975662231445
[03/22 11:30:16] train_sl INFO: Epoch: 10 , Validation Loss: 1.919302824139595 , Test Loss: 2.0045468538999556 , Training Loss: 1.194183301467162 , Timing: 0.0040013790130615234
[03/22 11:30:16] train_sl INFO: Epoch: 11 , Validation Loss: 2.9408501505851747 , Test Loss: 3.049048846960068 , Training Loss: 1.9954905991370862 , Timing: 0.004056692123413086
[03/22 11:30:16] train_sl INFO: Epoch: 12 , Validation Loss: 2.958921366930008 , Test Loss: 3.065261161327362 , Training Loss: 2.0309134165828047 , Timing: 0.003981590270996094
[03/22 11:30:16] train_sl INFO: Epoch: 13 , Validation Loss: 2.131089410185814 , Test Loss: 2.2182851791381837 , Training Loss: 1.3879169283004908 , Timing: 0.003997325897216797
[03/22 11:30:17] train_sl INFO: Epoch: 14 , Validation Loss: 1.249841421842575 , Test Loss: 1.3077745661139488 , Training Loss: 0.7813900330891976 , Timing: 0.004027128219604492
[03/22 11:30:17] train_sl INFO: Epoch: 15 , Validation Loss: 0.8569285422563553 , Test Loss: 0.8854404076933861 , Training Loss: 0.656091342608516 , Timing: 0.0037794113159179688
[03/22 11:30:17] train_sl INFO: Epoch: 16 , Validation Loss: 0.8278712064027787 , Test Loss: 0.838498480618 , Training Loss: 0.7869946311872739 , Timing: 0.0040035247802734375
[03/22 11:30:17] train_sl INFO: Epoch: 17 , Validation Loss: 0.8161307260394096 , Test Loss: 0.8238305985927582 , Training Loss: 0.8040436622328483 , Timing: 0.0039920806884765625
[03/22 11:30:17] train_sl INFO: Epoch: 18 , Validation Loss: 0.7626639097929001 , Test Loss: 0.7770583629608154 , Training Loss: 0.6963578767787951 , Timing: 0.003960609436035156
[03/22 11:30:17] train_sl INFO: Epoch: 19 , Validation Loss: 0.7433906987309455 , Test Loss: 0.7676937878131866 , Training Loss: 0.5948575361130329 , Timing: 0.003986835479736328
[03/22 11:30:17] train_sl INFO: Epoch: 20 , Validation Loss: 0.7945018649101258 , Test Loss: 0.8286735087633132 , Training Loss: 0.5631362477747294 , Timing: 0.003965616226196289
[03/22 11:30:17] train_sl INFO: Model checkpoint saved at epoch: 20
[03/22 11:30:17] train_sl INFO: Epoch: 21, SELCON dataloader subset selection finished, takes 0.0255. 
[03/22 11:30:17] train_sl INFO: Epoch: 21 , Validation Loss: 0.9530052602291107 , Test Loss: 0.9979366764426232 , Training Loss: 0.6287439913990406 , Timing: 0.029608726501464844
[03/22 11:30:18] train_sl INFO: Epoch: 22 , Validation Loss: 1.2102983549237252 , Test Loss: 1.2642914101481437 , Training Loss: 0.8064868464492835 , Timing: 0.0037887096405029297
[03/22 11:30:18] train_sl INFO: Epoch: 23 , Validation Loss: 1.4950565606355668 , Test Loss: 1.5547898560762405 , Training Loss: 1.0407395402972515 , Timing: 0.004029035568237305
[03/22 11:30:18] train_sl INFO: Epoch: 24 , Validation Loss: 1.7105507135391236 , Test Loss: 1.7721907377243042 , Training Loss: 1.242720930908735 , Timing: 0.003814697265625
[03/22 11:30:18] train_sl INFO: Epoch: 25 , Validation Loss: 1.7560153543949126 , Test Loss: 1.815704533457756 , Training Loss: 1.3126593856857374 , Timing: 0.003791332244873047
[03/22 11:30:18] train_sl INFO: Epoch: 26 , Validation Loss: 1.53248772919178 , Test Loss: 1.586039051413536 , Training Loss: 1.1560784168541431 , Timing: 0.0038728713989257812
[03/22 11:30:18] train_sl INFO: Epoch: 27 , Validation Loss: 1.17094706594944 , Test Loss: 1.2161944389343262 , Training Loss: 0.8819720008625433 , Timing: 0.004264354705810547
[03/22 11:30:18] train_sl INFO: Epoch: 28 , Validation Loss: 0.9423528730869293 , Test Loss: 0.9814885869622231 , Training Loss: 0.715550382836507 , Timing: 0.003505706787109375
[03/22 11:30:19] train_sl INFO: Epoch: 29 , Validation Loss: 0.8132176652550698 , Test Loss: 0.8482973620295524 , Training Loss: 0.6274208470892447 , Timing: 0.004357576370239258
[03/22 11:30:19] train_sl INFO: Epoch: 30 , Validation Loss: 0.7414970695972443 , Test Loss: 0.7738111555576325 , Training Loss: 0.5829480989621236 , Timing: 0.004694223403930664
[03/22 11:30:19] train_sl INFO: Epoch: 31 , Validation Loss: 0.7712923750281334 , Test Loss: 0.8029316619038582 , Training Loss: 0.6183616660821897 , Timing: 0.004022121429443359
[03/22 11:30:19] train_sl INFO: Epoch: 32 , Validation Loss: 0.8443584233522415 , Test Loss: 0.8756504535675049 , Training Loss: 0.6913174112828878 , Timing: 0.0038552284240722656
[03/22 11:30:19] train_sl INFO: Epoch: 33 , Validation Loss: 0.8705733209848404 , Test Loss: 0.9005856424570083 , Training Loss: 0.7269686555060056 , Timing: 0.003977775573730469
[03/22 11:30:19] train_sl INFO: Epoch: 34 , Validation Loss: 0.899828189611435 , Test Loss: 0.9284945070743561 , Training Loss: 0.7657585293054581 , Timing: 0.004095792770385742
[03/22 11:30:19] train_sl INFO: Epoch: 35 , Validation Loss: 0.8935184329748154 , Test Loss: 0.9204626560211182 , Training Loss: 0.7704171787660855 , Timing: 0.0037724971771240234
[03/22 11:30:19] train_sl INFO: Epoch: 36 , Validation Loss: 0.8579160124063492 , Test Loss: 0.8829739272594452 , Training Loss: 0.7466547039265816 , Timing: 0.003721952438354492
[03/22 11:30:20] train_sl INFO: Epoch: 37 , Validation Loss: 0.8586886793375015 , Test Loss: 0.8822158843278884 , Training Loss: 0.7541385264350817 , Timing: 0.003650188446044922
[03/22 11:30:20] train_sl INFO: Epoch: 38 , Validation Loss: 0.9016233742237091 , Test Loss: 0.9238067954778671 , Training Loss: 0.7992828548527681 , Timing: 0.003618955612182617
[03/22 11:30:20] train_sl INFO: Epoch: 39 , Validation Loss: 0.9253140479326248 , Test Loss: 0.9459677904844284 , Training Loss: 0.8277993689362819 , Timing: 0.0036554336547851562
[03/22 11:30:20] train_sl INFO: Epoch: 40 , Validation Loss: 0.8848466217517853 , Test Loss: 0.9038199454545974 , Training Loss: 0.796104510816244 , Timing: 0.003911256790161133
[03/22 11:30:20] train_sl INFO: Model checkpoint saved at epoch: 40
[03/22 11:30:20] train_sl INFO: Epoch: 41, SELCON dataloader subset selection finished, takes 0.0245. 
[03/22 11:30:20] train_sl INFO: Epoch: 41 , Validation Loss: 0.7892301946878433 , Test Loss: 0.80649074614048 , Training Loss: 0.7120008654892445 , Timing: 0.028359413146972656
[03/22 11:30:20] train_sl INFO: Epoch: 42 , Validation Loss: 0.6740172684192658 , Test Loss: 0.6895942464470863 , Training Loss: 0.6087955053036029 , Timing: 0.0036840438842773438
[03/22 11:30:20] train_sl INFO: Epoch: 43 , Validation Loss: 0.5188004761934281 , Test Loss: 0.532563941180706 , Training Loss: 0.4685247175108928 , Timing: 0.0038900375366210938
[03/22 11:30:21] train_sl INFO: Epoch: 44 , Validation Loss: 0.4436538413167 , Test Loss: 0.45601956993341447 , Training Loss: 0.4025305495239221 , Timing: 0.003705739974975586
[03/22 11:30:21] train_sl INFO: Epoch: 45 , Validation Loss: 0.45440738648176193 , Test Loss: 0.46574208587408067 , Training Loss: 0.41462109008660686 , Timing: 0.003962993621826172
[03/22 11:30:21] train_sl INFO: Epoch: 46 , Validation Loss: 0.5123809650540352 , Test Loss: 0.5227229744195938 , Training Loss: 0.4710233605538423 , Timing: 0.003911495208740234
[03/22 11:30:21] train_sl INFO: Epoch: 47 , Validation Loss: 0.542249946296215 , Test Loss: 0.5515255033969879 , Training Loss: 0.5018470123983346 , Timing: 0.0038869380950927734
[03/22 11:30:21] train_sl INFO: Epoch: 48 , Validation Loss: 0.49154410511255264 , Test Loss: 0.4997649252414703 , Training Loss: 0.4566298986856754 , Timing: 0.0036363601684570312
[03/22 11:30:21] train_sl INFO: Epoch: 49 , Validation Loss: 0.43149442225694656 , Test Loss: 0.4387452706694603 , Training Loss: 0.4017813798899834 , Timing: 0.0037488937377929688
[03/22 11:30:21] train_sl INFO: Epoch: 50 , Validation Loss: 0.4212050661444664 , Test Loss: 0.42752180695533754 , Training Loss: 0.3939772883000282 , Timing: 0.0036933422088623047
[03/22 11:30:21] train_sl INFO: Epoch: 51 , Validation Loss: 0.4038185074925423 , Test Loss: 0.40926591008901597 , Training Loss: 0.37939621780354243 , Timing: 0.003693103790283203
[03/22 11:30:22] train_sl INFO: Epoch: 52 , Validation Loss: 0.3876549705862999 , Test Loss: 0.3922756642103195 , Training Loss: 0.36564724577160984 , Timing: 0.003887176513671875
[03/22 11:30:22] train_sl INFO: Epoch: 53 , Validation Loss: 0.3734433397650719 , Test Loss: 0.37729755491018296 , Training Loss: 0.3528041997208045 , Timing: 0.0036444664001464844
[03/22 11:30:22] train_sl INFO: Epoch: 54 , Validation Loss: 0.34381805658340453 , Test Loss: 0.3470241442322731 , Training Loss: 0.32515601706332886 , Timing: 0.0036308765411376953
[03/22 11:30:22] train_sl INFO: Epoch: 55 , Validation Loss: 0.30101380571722985 , Test Loss: 0.30371809378266335 , Training Loss: 0.28479246522944707 , Timing: 0.003815889358520508
[03/22 11:30:22] train_sl INFO: Epoch: 56 , Validation Loss: 0.2562022991478443 , Test Loss: 0.2584623135626316 , Training Loss: 0.24252568672482783 , Timing: 0.0039691925048828125
[03/22 11:30:22] train_sl INFO: Epoch: 57 , Validation Loss: 0.24223125874996185 , Test Loss: 0.24390568360686302 , Training Loss: 0.22984960496139067 , Timing: 0.0034160614013671875
[03/22 11:30:22] train_sl INFO: Epoch: 58 , Validation Loss: 0.22393566370010376 , Test Loss: 0.22509449496865272 , Training Loss: 0.213064946878988 , Timing: 0.003962516784667969
[03/22 11:30:22] train_sl INFO: Epoch: 59 , Validation Loss: 0.20220552310347556 , Test Loss: 0.2029004730284214 , Training Loss: 0.1923816644658263 , Timing: 0.003829479217529297
[03/22 11:30:23] train_sl INFO: Epoch: 60 , Validation Loss: 0.19617630913853645 , Test Loss: 0.1963622309267521 , Training Loss: 0.18692844948516443 , Timing: 0.003926277160644531
[03/22 11:30:23] train_sl INFO: Model checkpoint saved at epoch: 60
[03/22 11:30:23] train_sl INFO: Epoch: 61, SELCON dataloader subset selection finished, takes 0.0246. 
[03/22 11:30:23] train_sl INFO: Epoch: 61 , Validation Loss: 0.20787346139550208 , Test Loss: 0.2074464365839958 , Training Loss: 0.19900801183226016 , Timing: 0.02858710289001465
[03/22 11:30:23] train_sl INFO: Epoch: 62 , Validation Loss: 0.2181984856724739 , Test Loss: 0.21717625260353088 , Training Loss: 0.21062673721462488 , Timing: 0.003978252410888672
[03/22 11:30:23] train_sl INFO: Epoch: 63 , Validation Loss: 0.20418599024415016 , Test Loss: 0.20282747149467467 , Training Loss: 0.1986268419915667 , Timing: 0.0035979747772216797
[03/22 11:30:23] train_sl INFO: Epoch: 64 , Validation Loss: 0.1912450022995472 , Test Loss: 0.18958079889416696 , Training Loss: 0.1874809475042499 , Timing: 0.004155635833740234
[03/22 11:30:23] train_sl INFO: Epoch: 65 , Validation Loss: 0.1703908171504736 , Test Loss: 0.16856857538223266 , Training Loss: 0.16823404013680723 , Timing: 0.0038709640502929688
[03/22 11:30:23] train_sl INFO: Epoch: 66 , Validation Loss: 0.16330143213272094 , Test Loss: 0.16118740141391755 , Training Loss: 0.16230089790545976 , Timing: 0.003957509994506836
[03/22 11:30:24] train_sl INFO: Epoch: 67 , Validation Loss: 0.1613274857401848 , Test Loss: 0.1588784407824278 , Training Loss: 0.16128014880590713 , Timing: 0.007016420364379883
[03/22 11:30:24] train_sl INFO: Epoch: 68 , Validation Loss: 0.1644000131636858 , Test Loss: 0.16156275235116482 , Training Loss: 0.16508701966645625 , Timing: 0.0038771629333496094
[03/22 11:30:24] train_sl INFO: Epoch: 69 , Validation Loss: 0.16678038723766803 , Test Loss: 0.1635857831686735 , Training Loss: 0.16814267760715806 , Timing: 0.0038230419158935547
[03/22 11:30:24] train_sl INFO: Epoch: 70 , Validation Loss: 0.1636571351438761 , Test Loss: 0.16022235713899136 , Training Loss: 0.16550792144754758 , Timing: 0.0038547515869140625
[03/22 11:30:24] train_sl INFO: Epoch: 71 , Validation Loss: 0.16427949927747248 , Test Loss: 0.1605560164898634 , Training Loss: 0.166710291022005 , Timing: 0.0037889480590820312
[03/22 11:30:24] train_sl INFO: Epoch: 72 , Validation Loss: 0.16481576040387153 , Test Loss: 0.16082207821309566 , Training Loss: 0.1679757175465616 , Timing: 0.003919363021850586
[03/22 11:30:24] train_sl INFO: Epoch: 73 , Validation Loss: 0.14928100630640984 , Test Loss: 0.14534855522215367 , Training Loss: 0.15248640755621287 , Timing: 0.003951072692871094
[03/22 11:30:25] train_sl INFO: Epoch: 74 , Validation Loss: 0.13559106327593326 , Test Loss: 0.13172671683132647 , Training Loss: 0.13873370446694586 , Timing: 0.003969669342041016
[03/22 11:30:25] train_sl INFO: Epoch: 75 , Validation Loss: 0.12730078399181366 , Test Loss: 0.12341938205063344 , Training Loss: 0.1303949775890662 , Timing: 0.0038237571716308594
[03/22 11:30:25] train_sl INFO: Epoch: 76 , Validation Loss: 0.11114944498986006 , Test Loss: 0.10748273581266403 , Training Loss: 0.11363505346413988 , Timing: 0.003691434860229492
[03/22 11:30:25] train_sl INFO: Epoch: 77 , Validation Loss: 0.10691212806850672 , Test Loss: 0.1031780183315277 , Training Loss: 0.10930557613475965 , Timing: 0.003684520721435547
[03/22 11:30:25] train_sl INFO: Epoch: 78 , Validation Loss: 0.1186625175178051 , Test Loss: 0.11442580744624138 , Training Loss: 0.12186829140409827 , Timing: 0.0035507678985595703
[03/22 11:30:25] train_sl INFO: Epoch: 79 , Validation Loss: 0.14409649819135667 , Test Loss: 0.13908258751034736 , Training Loss: 0.14875834467462623 , Timing: 0.003645658493041992
[03/22 11:30:25] train_sl INFO: Epoch: 80 , Validation Loss: 0.15600766576826572 , Test Loss: 0.15057382881641387 , Training Loss: 0.16137343920910588 , Timing: 0.003876209259033203
[03/22 11:30:25] train_sl INFO: Model checkpoint saved at epoch: 80
[03/22 11:30:25] train_sl INFO: Epoch: 81, SELCON dataloader subset selection finished, takes 0.0254. 
[03/22 11:30:25] train_sl INFO: Epoch: 81 , Validation Loss: 0.1413147408515215 , Test Loss: 0.1360375251621008 , Training Loss: 0.1461265249750935 , Timing: 0.02956414222717285
[03/22 11:30:26] train_sl INFO: Epoch: 82 , Validation Loss: 0.11059335209429264 , Test Loss: 0.10592085868120193 , Training Loss: 0.11371412282236494 , Timing: 0.004217863082885742
[03/22 11:30:26] train_sl INFO: Epoch: 83 , Validation Loss: 0.08196272887289524 , Test Loss: 0.07805694807320833 , Training Loss: 0.08290717113189973 , Timing: 0.0038671493530273438
[03/22 11:30:26] train_sl INFO: Epoch: 84 , Validation Loss: 0.07438585069030523 , Test Loss: 0.07067176178097725 , Training Loss: 0.07471746843881331 , Timing: 0.0038352012634277344
[03/22 11:30:26] train_sl INFO: Epoch: 85 , Validation Loss: 0.08149253409355879 , Test Loss: 0.07740845158696175 , Training Loss: 0.0829083865436797 , Timing: 0.003862619400024414
[03/22 11:30:26] train_sl INFO: Epoch: 86 , Validation Loss: 0.09263089522719384 , Test Loss: 0.08807510770857334 , Training Loss: 0.09551459622497742 , Timing: 0.003792285919189453
[03/22 11:30:26] train_sl INFO: Epoch: 87 , Validation Loss: 0.10974115841090679 , Test Loss: 0.10458050072193145 , Training Loss: 0.11453208621018209 , Timing: 0.003537893295288086
[03/22 11:30:26] train_sl INFO: Epoch: 88 , Validation Loss: 0.1195333231240511 , Test Loss: 0.11401872709393501 , Training Loss: 0.12532253395049617 , Timing: 0.004102945327758789
[03/22 11:30:27] train_sl INFO: Epoch: 89 , Validation Loss: 0.10810770317912102 , Test Loss: 0.10283526238054037 , Training Loss: 0.11275116407957214 , Timing: 0.0035610198974609375
[03/22 11:30:27] train_sl INFO: Epoch: 90 , Validation Loss: 0.08947253301739692 , Test Loss: 0.08470321055501699 , Training Loss: 0.09216531444914065 , Timing: 0.0036389827728271484
[03/22 11:30:27] train_sl INFO: Epoch: 91 , Validation Loss: 0.07450138498097658 , Test Loss: 0.07020949590951205 , Training Loss: 0.07544995957197478 , Timing: 0.003686666488647461
[03/22 11:30:27] train_sl INFO: Epoch: 92 , Validation Loss: 0.06527838744223118 , Test Loss: 0.06132525131106377 , Training Loss: 0.06502755288966 , Timing: 0.003962516784667969
[03/22 11:30:27] train_sl INFO: Epoch: 93 , Validation Loss: 0.060423779860138895 , Test Loss: 0.05665346197783947 , Training Loss: 0.05948768296422294 , Timing: 0.0039033889770507812
[03/22 11:30:27] train_sl INFO: Epoch: 94 , Validation Loss: 0.06495549846440554 , Test Loss: 0.06088318061083555 , Training Loss: 0.0647029358571252 , Timing: 0.003665447235107422
[03/22 11:30:27] train_sl INFO: Epoch: 95 , Validation Loss: 0.08227631282061339 , Test Loss: 0.07744474988430738 , Training Loss: 0.08417953853495419 , Timing: 0.003950595855712891
[03/22 11:30:27] train_sl INFO: Epoch: 96 , Validation Loss: 0.09098984226584435 , Test Loss: 0.0858050286769867 , Training Loss: 0.09406940388278319 , Timing: 0.003801584243774414
[03/22 11:30:28] train_sl INFO: Epoch: 97 , Validation Loss: 0.08295506946742534 , Test Loss: 0.07798555158078671 , Training Loss: 0.0854926121671899 , Timing: 0.0036907196044921875
[03/22 11:30:28] train_sl INFO: Epoch: 98 , Validation Loss: 0.07478527631610632 , Test Loss: 0.07007286567240953 , Training Loss: 0.07664677814150658 , Timing: 0.003953218460083008
[03/22 11:30:28] train_sl INFO: Epoch: 99 , Validation Loss: 0.07045243903994561 , Test Loss: 0.06588485520333051 , Training Loss: 0.07206007569598463 , Timing: 0.004025936126708984
[03/22 11:30:28] train_sl INFO: Epoch: 100 , Validation Loss: 0.06620656978338957 , Test Loss: 0.061806263774633406 , Training Loss: 0.06739903717803267 , Timing: 0.003914356231689453
[03/22 11:30:28] train_sl INFO: Model checkpoint saved at epoch: 100
[03/22 11:30:28] train_sl INFO: Epoch: 101, SELCON dataloader subset selection finished, takes 0.0249. 
[03/22 11:30:28] train_sl INFO: Epoch: 101 , Validation Loss: 0.06436370760202408 , Test Loss: 0.06002416480332613 , Training Loss: 0.06544041318389085 , Timing: 0.02897477149963379
[03/22 11:30:28] train_sl INFO: Epoch: 102 , Validation Loss: 0.06384341847151517 , Test Loss: 0.0595061045140028 , Training Loss: 0.0650196903062841 , Timing: 0.0038213729858398438
[03/22 11:30:28] train_sl INFO: Epoch: 103 , Validation Loss: 0.06719521563500166 , Test Loss: 0.06265146918594837 , Training Loss: 0.06910758735970236 , Timing: 0.0039103031158447266
[03/22 11:30:29] train_sl INFO: Epoch: 104 , Validation Loss: 0.07252220194786788 , Test Loss: 0.06767945140600204 , Training Loss: 0.07535945570382935 , Timing: 0.004561901092529297
[03/22 11:30:29] train_sl INFO: Epoch: 105 , Validation Loss: 0.0712587933987379 , Test Loss: 0.0664208834990859 , Training Loss: 0.07386979410568109 , Timing: 0.0035796165466308594
[03/22 11:30:29] train_sl INFO: Epoch: 106 , Validation Loss: 0.07294629793614149 , Test Loss: 0.06798680778592825 , Training Loss: 0.07580462889745831 , Timing: 0.0038170814514160156
[03/22 11:30:29] train_sl INFO: Epoch: 107 , Validation Loss: 0.07345117758959532 , Test Loss: 0.06842753086239099 , Training Loss: 0.07635057031606826 , Timing: 0.003966093063354492
[03/22 11:30:29] train_sl INFO: Epoch: 108 , Validation Loss: 0.07255451716482639 , Test Loss: 0.0675372365862131 , Training Loss: 0.07528364651191694 , Timing: 0.004067659378051758
[03/22 11:30:29] train_sl INFO: Epoch: 109 , Validation Loss: 0.06898800302296877 , Test Loss: 0.06410568244755269 , Training Loss: 0.07113331115732972 , Timing: 0.0034978389739990234
[03/22 11:30:29] train_sl INFO: Epoch: 110 , Validation Loss: 0.0602713206782937 , Test Loss: 0.05580665525048971 , Training Loss: 0.06102404263443672 , Timing: 0.004400014877319336
[03/22 11:30:29] train_sl INFO: Epoch: 111 , Validation Loss: 0.05294028222560883 , Test Loss: 0.04891877491027117 , Training Loss: 0.052300116136813395 , Timing: 0.003983020782470703
[03/22 11:30:30] train_sl INFO: Epoch: 112 , Validation Loss: 0.053360200952738523 , Test Loss: 0.04929459895938635 , Training Loss: 0.0529295784743646 , Timing: 0.0037932395935058594
[03/22 11:30:30] train_sl INFO: Epoch: 113 , Validation Loss: 0.057835630420595405 , Test Loss: 0.05347230341285467 , Training Loss: 0.05854349882485202 , Timing: 0.003920078277587891
[03/22 11:30:30] train_sl INFO: Epoch: 114 , Validation Loss: 0.06188690662384033 , Test Loss: 0.057278381660580635 , Training Loss: 0.06349353433156815 , Timing: 0.003662586212158203
[03/22 11:30:30] train_sl INFO: Epoch: 115 , Validation Loss: 0.06456628423184156 , Test Loss: 0.05980524774640798 , Training Loss: 0.06674065218808559 , Timing: 0.0040438175201416016
[03/22 11:30:30] train_sl INFO: Epoch: 116 , Validation Loss: 0.0658511020243168 , Test Loss: 0.06101510040462017 , Training Loss: 0.06833193918618445 , Timing: 0.003932476043701172
[03/22 11:30:30] train_sl INFO: Epoch: 117 , Validation Loss: 0.06849642358720302 , Test Loss: 0.0635238928720355 , Training Loss: 0.07144747174774799 , Timing: 0.0036907196044921875
[03/22 11:30:30] train_sl INFO: Epoch: 118 , Validation Loss: 0.06465159505605697 , Test Loss: 0.05985567215830088 , Training Loss: 0.06694090131741877 , Timing: 0.003985881805419922
[03/22 11:30:31] train_sl INFO: Epoch: 119 , Validation Loss: 0.05467376168817282 , Test Loss: 0.05041853338479996 , Training Loss: 0.055049563435694344 , Timing: 0.0038568973541259766
[03/22 11:30:31] train_sl INFO: Epoch: 120 , Validation Loss: 0.048830312211066484 , Test Loss: 0.044968662224709986 , Training Loss: 0.04783318107589506 , Timing: 0.0036683082580566406
[03/22 11:30:31] train_sl INFO: Model checkpoint saved at epoch: 120
[03/22 11:30:31] train_sl INFO: Epoch: 121, SELCON dataloader subset selection finished, takes 0.0253. 
[03/22 11:30:31] train_sl INFO: Epoch: 121 , Validation Loss: 0.04933191277086735 , Test Loss: 0.045408007502555844 , Training Loss: 0.048519343603402376 , Timing: 0.02920818328857422
[03/22 11:30:31] train_sl INFO: Epoch: 122 , Validation Loss: 0.05196031257510185 , Test Loss: 0.047829595021903516 , Training Loss: 0.05184685109326473 , Timing: 0.003751993179321289
[03/22 11:30:31] train_sl INFO: Epoch: 123 , Validation Loss: 0.05165673391893506 , Test Loss: 0.04753701463341713 , Training Loss: 0.051570271876139134 , Timing: 0.003789663314819336
[03/22 11:30:31] train_sl INFO: Epoch: 124 , Validation Loss: 0.052747927512973546 , Test Loss: 0.048547756299376486 , Training Loss: 0.053019486976644166 , Timing: 0.003767728805541992
[03/22 11:30:31] train_sl INFO: Epoch: 125 , Validation Loss: 0.05432950872927904 , Test Loss: 0.05002224538475275 , Training Loss: 0.05505450311689996 , Timing: 0.0036804676055908203
[03/22 11:30:32] train_sl INFO: Epoch: 126 , Validation Loss: 0.05488118575885892 , Test Loss: 0.05053574293851852 , Training Loss: 0.055793195067403406 , Timing: 0.003850698471069336
[03/22 11:30:32] train_sl INFO: Epoch: 127 , Validation Loss: 0.054822672996670006 , Test Loss: 0.050481642968952654 , Training Loss: 0.05581830988208262 , Timing: 0.0036160945892333984
[03/22 11:30:32] train_sl INFO: Epoch: 128 , Validation Loss: 0.05631761290132999 , Test Loss: 0.05189138446003198 , Training Loss: 0.057723050543035455 , Timing: 0.0036153793334960938
[03/22 11:30:32] train_sl INFO: Epoch: 129 , Validation Loss: 0.057825249992311 , Test Loss: 0.05331932380795479 , Training Loss: 0.0596259085354037 , Timing: 0.0036492347717285156
[03/22 11:30:32] train_sl INFO: Epoch: 130 , Validation Loss: 0.0609096908941865 , Test Loss: 0.05624192832037807 , Training Loss: 0.06325965093520398 , Timing: 0.003824949264526367
[03/22 11:30:32] train_sl INFO: Epoch: 131 , Validation Loss: 0.0590886140242219 , Test Loss: 0.05450729541480541 , Training Loss: 0.06102111991136693 , Timing: 0.0036382675170898438
[03/22 11:30:32] train_sl INFO: Epoch: 132 , Validation Loss: 0.055352510511875154 , Test Loss: 0.05096202539280057 , Training Loss: 0.056535737678551905 , Timing: 0.0038335323333740234
[03/22 11:30:32] train_sl INFO: Epoch: 133 , Validation Loss: 0.04992254124954343 , Test Loss: 0.045839966367930175 , Training Loss: 0.05000832854197002 , Timing: 0.003673553466796875
[03/22 11:30:33] train_sl INFO: Epoch: 134 , Validation Loss: 0.04457433912903071 , Test Loss: 0.040855348482728 , Training Loss: 0.0434637545572164 , Timing: 0.0039255619049072266
[03/22 11:30:33] train_sl INFO: Epoch: 135 , Validation Loss: 0.045794888865202665 , Test Loss: 0.04198507852852344 , Training Loss: 0.045164928798420496 , Timing: 0.0037293434143066406
[03/22 11:30:33] train_sl INFO: Epoch: 136 , Validation Loss: 0.057491646613925695 , Test Loss: 0.052990060299634933 , Training Loss: 0.05947361746802926 , Timing: 0.0038111209869384766
[03/22 11:30:33] train_sl INFO: Epoch: 137 , Validation Loss: 0.06694450695067644 , Test Loss: 0.062005532532930376 , Training Loss: 0.07073926305971466 , Timing: 0.0039119720458984375
[03/22 11:30:33] train_sl INFO: Epoch: 138 , Validation Loss: 0.0684680630452931 , Test Loss: 0.06346970433369278 , Training Loss: 0.07265638993479885 , Timing: 0.003663301467895508
[03/22 11:30:33] train_sl INFO: Epoch: 139 , Validation Loss: 0.061677141860127446 , Test Loss: 0.05698574194684625 , Training Loss: 0.06492639533602275 , Timing: 0.003938436508178711
[03/22 11:30:33] train_sl INFO: Epoch: 140 , Validation Loss: 0.05646849730983376 , Test Loss: 0.05203656265512109 , Training Loss: 0.05899933761415573 , Timing: 0.003951072692871094
[03/22 11:30:33] train_sl INFO: Model checkpoint saved at epoch: 140
[03/22 11:30:33] train_sl INFO: Epoch: 141, SELCON dataloader subset selection finished, takes 0.0262. 
[03/22 11:30:34] train_sl INFO: Epoch: 141 , Validation Loss: 0.05404287464916706 , Test Loss: 0.04974543545395136 , Training Loss: 0.05630738504875738 , Timing: 0.030337095260620117
[03/22 11:30:34] train_sl INFO: Epoch: 142 , Validation Loss: 0.05088751381263137 , Test Loss: 0.046781716495752336 , Training Loss: 0.05266601465140971 , Timing: 0.003965616226196289
[03/22 11:30:34] train_sl INFO: Epoch: 143 , Validation Loss: 0.05177940903231502 , Test Loss: 0.04762884685769677 , Training Loss: 0.05392300643814871 , Timing: 0.003914833068847656
[03/22 11:30:34] train_sl INFO: Epoch: 144 , Validation Loss: 0.054999923892319204 , Test Loss: 0.05067208344116807 , Training Loss: 0.05799830318070375 , Timing: 0.004022359848022461
[03/22 11:30:34] train_sl INFO: Epoch: 145 , Validation Loss: 0.055079630110412836 , Test Loss: 0.05075516663491726 , Training Loss: 0.05820842321890478 , Timing: 0.004038572311401367
[03/22 11:30:34] train_sl INFO: Epoch: 146 , Validation Loss: 0.05793692013248801 , Test Loss: 0.05346897980198264 , Training Loss: 0.061699931241142064 , Timing: 0.0038573741912841797
[03/22 11:30:34] train_sl INFO: Epoch: 147 , Validation Loss: 0.05375373419374228 , Test Loss: 0.0495108176022768 , Training Loss: 0.056713946718865864 , Timing: 0.003868579864501953
[03/22 11:30:34] train_sl INFO: Epoch: 148 , Validation Loss: 0.0467615663073957 , Test Loss: 0.04294398725032807 , Training Loss: 0.04817225476010488 , Timing: 0.004039764404296875
[03/22 11:30:35] train_sl INFO: Epoch: 149 , Validation Loss: 0.044857974722981454 , Test Loss: 0.041167786438018085 , Training Loss: 0.045838806563271925 , Timing: 0.0037407875061035156
[03/22 11:30:35] train_sl INFO: Epoch: 150 , Validation Loss: 0.04724760362878442 , Test Loss: 0.04338402496650815 , Training Loss: 0.04889643606013404 , Timing: 0.0039522647857666016
[03/22 11:30:35] train_sl INFO: Epoch: 151 , Validation Loss: 0.05139866573736072 , Test Loss: 0.04727841503918171 , Training Loss: 0.0540063211049598 , Timing: 0.003679037094116211
[03/22 11:30:35] train_sl INFO: Epoch: 152 , Validation Loss: 0.051917124353349206 , Test Loss: 0.047765516024082896 , Training Loss: 0.05456422330238498 , Timing: 0.003866910934448242
[03/22 11:30:35] train_sl INFO: Epoch: 153 , Validation Loss: 0.05097533725202084 , Test Loss: 0.04687675535678863 , Training Loss: 0.05334038385906471 , Timing: 0.003968715667724609
[03/22 11:30:35] train_sl INFO: Epoch: 154 , Validation Loss: 0.05388495773077011 , Test Loss: 0.04964230377227068 , Training Loss: 0.05680561943266254 , Timing: 0.004050254821777344
[03/22 11:30:35] train_sl INFO: Epoch: 155 , Validation Loss: 0.05350366402417421 , Test Loss: 0.04928239369764924 , Training Loss: 0.056419254961208656 , Timing: 0.0039823055267333984
[03/22 11:30:36] train_sl INFO: Epoch: 156 , Validation Loss: 0.046758195478469135 , Test Loss: 0.04290096117183566 , Training Loss: 0.04841757155596637 , Timing: 0.0038614273071289062
[03/22 11:30:36] train_sl INFO: Epoch: 157 , Validation Loss: 0.043511856347322464 , Test Loss: 0.039856372959911825 , Training Loss: 0.04452144839944175 , Timing: 0.00396728515625
[03/22 11:30:36] train_sl INFO: Epoch: 158 , Validation Loss: 0.043267319444566965 , Test Loss: 0.039632313326001166 , Training Loss: 0.04430504213087261 , Timing: 0.003719329833984375
[03/22 11:30:36] train_sl INFO: Epoch: 159 , Validation Loss: 0.0479309543967247 , Test Loss: 0.04402605909854174 , Training Loss: 0.05009994410479871 , Timing: 0.0038518905639648438
[03/22 11:30:36] train_sl INFO: Epoch: 160 , Validation Loss: 0.05051624877378345 , Test Loss: 0.0464842283166945 , Training Loss: 0.05338756596812835 , Timing: 0.003933429718017578
[03/22 11:30:36] train_sl INFO: Model checkpoint saved at epoch: 160
[03/22 11:30:36] train_sl INFO: Epoch: 161, SELCON dataloader subset selection finished, takes 0.0251. 
[03/22 11:30:36] train_sl INFO: Epoch: 161 , Validation Loss: 0.053114460222423075 , Test Loss: 0.048961353860795497 , Training Loss: 0.05666236702997524 , Timing: 0.029362201690673828
[03/22 11:30:36] train_sl INFO: Epoch: 162 , Validation Loss: 0.05082679558545351 , Test Loss: 0.046801906637847425 , Training Loss: 0.054120837370506845 , Timing: 0.003950834274291992
[03/22 11:30:36] train_sl INFO: Epoch: 163 , Validation Loss: 0.04346292726695537 , Test Loss: 0.03987361472100019 , Training Loss: 0.04521448488454693 , Timing: 0.0038557052612304688
[03/22 11:30:37] train_sl INFO: Epoch: 164 , Validation Loss: 0.03984451191499829 , Test Loss: 0.03650472974404693 , Training Loss: 0.0407081038529913 , Timing: 0.003913164138793945
[03/22 11:30:37] train_sl INFO: Epoch: 165 , Validation Loss: 0.04130516881123185 , Test Loss: 0.037858850136399266 , Training Loss: 0.042631080033830725 , Timing: 0.0036439895629882812
[03/22 11:30:37] train_sl INFO: Epoch: 166 , Validation Loss: 0.043534827046096326 , Test Loss: 0.039941225200891495 , Training Loss: 0.045420110010756895 , Timing: 0.0036945343017578125
[03/22 11:30:37] train_sl INFO: Epoch: 167 , Validation Loss: 0.04875481631606817 , Test Loss: 0.04487543748691678 , Training Loss: 0.05166785567640685 , Timing: 0.003696441650390625
[03/22 11:30:37] train_sl INFO: Epoch: 168 , Validation Loss: 0.05042472993955016 , Test Loss: 0.04647207437083125 , Training Loss: 0.053548384547376864 , Timing: 0.003668546676635742
[03/22 11:30:37] train_sl INFO: Epoch: 169 , Validation Loss: 0.04923289744183421 , Test Loss: 0.0453447756357491 , Training Loss: 0.052164503874687046 , Timing: 0.003682374954223633
[03/22 11:30:37] train_sl INFO: Epoch: 170 , Validation Loss: 0.04962941352277994 , Test Loss: 0.04573221020400524 , Training Loss: 0.05276362379439748 , Timing: 0.004026651382446289
[03/22 11:30:38] train_sl INFO: Epoch: 171 , Validation Loss: 0.05139643950387836 , Test Loss: 0.04743022946640849 , Training Loss: 0.05495128331061166 , Timing: 0.003943443298339844
[03/22 11:30:38] train_sl INFO: Epoch: 172 , Validation Loss: 0.05503559615463018 , Test Loss: 0.050919434428215025 , Training Loss: 0.0593101995316549 , Timing: 0.003790616989135742
[03/22 11:30:38] train_sl INFO: Epoch: 173 , Validation Loss: 0.05764712942764163 , Test Loss: 0.05343920905143022 , Training Loss: 0.06233525575281909 , Timing: 0.003567218780517578
[03/22 11:30:38] train_sl INFO: Epoch: 174 , Validation Loss: 0.0523168976418674 , Test Loss: 0.04835339309647679 , Training Loss: 0.05608712831655374 , Timing: 0.003821134567260742
[03/22 11:30:38] train_sl INFO: Epoch: 175 , Validation Loss: 0.04256372405216098 , Test Loss: 0.03908555954694748 , Training Loss: 0.04450022055803297 , Timing: 0.0039119720458984375
[03/22 11:30:38] train_sl INFO: Epoch: 176 , Validation Loss: 0.0366798410192132 , Test Loss: 0.03355198772624135 , Training Loss: 0.03728752782066854 , Timing: 0.003635406494140625
[03/22 11:30:38] train_sl INFO: Epoch: 177 , Validation Loss: 0.03471505083143711 , Test Loss: 0.03171975500881672 , Training Loss: 0.03485155578416128 , Timing: 0.004992961883544922
[03/22 11:30:38] train_sl INFO: Epoch: 178 , Validation Loss: 0.04312311839312315 , Test Loss: 0.03962230989709496 , Training Loss: 0.04514343946133382 , Timing: 0.003977298736572266
[03/22 11:30:39] train_sl INFO: Epoch: 179 , Validation Loss: 0.05452998830005527 , Test Loss: 0.05051418310031295 , Training Loss: 0.058474055133186854 , Timing: 0.00396728515625
[03/22 11:30:39] train_sl INFO: Epoch: 180 , Validation Loss: 0.05460313577204943 , Test Loss: 0.05058957962319255 , Training Loss: 0.05862551092958221 , Timing: 0.003973245620727539
[03/22 11:30:39] train_sl INFO: Model checkpoint saved at epoch: 180
[03/22 11:30:39] train_sl INFO: Epoch: 181, SELCON dataloader subset selection finished, takes 0.0257. 
[03/22 11:30:39] train_sl INFO: Epoch: 181 , Validation Loss: 0.04705235306173563 , Test Loss: 0.04336993228644133 , Training Loss: 0.049942009061431654 , Timing: 0.029906511306762695
[03/22 11:30:39] train_sl INFO: Epoch: 182 , Validation Loss: 0.03793581239879131 , Test Loss: 0.034731526672840116 , Training Loss: 0.03913867166444946 , Timing: 0.004136323928833008
[03/22 11:30:39] train_sl INFO: Epoch: 183 , Validation Loss: 0.032752699591219424 , Test Loss: 0.02990278508514166 , Training Loss: 0.032704392000316426 , Timing: 0.0036635398864746094
[03/22 11:30:39] train_sl INFO: Epoch: 184 , Validation Loss: 0.037242375686764716 , Test Loss: 0.034079548344016074 , Training Loss: 0.03838015871588141 , Timing: 0.0037949085235595703
[03/22 11:30:39] train_sl INFO: Epoch: 185 , Validation Loss: 0.05232351683080196 , Test Loss: 0.04842086639255285 , Training Loss: 0.056153298857120365 , Timing: 0.0039577484130859375
[03/22 11:30:40] train_sl INFO: Epoch: 186 , Validation Loss: 0.052684612292796376 , Test Loss: 0.04877891764044762 , Training Loss: 0.05646063262023605 , Timing: 0.004498720169067383
[03/22 11:30:40] train_sl INFO: Epoch: 187 , Validation Loss: 0.044322962872684 , Test Loss: 0.04079152885824442 , Training Loss: 0.04665015446237074 , Timing: 0.003931522369384766
[03/22 11:30:40] train_sl INFO: Epoch: 188 , Validation Loss: 0.03697676975280047 , Test Loss: 0.03382907109335065 , Training Loss: 0.03789717264365978 , Timing: 0.0041391849517822266
[03/22 11:30:40] train_sl INFO: Epoch: 189 , Validation Loss: 0.03811965109780431 , Test Loss: 0.03491335874423385 , Training Loss: 0.03922842851338478 , Timing: 0.003904581069946289
[03/22 11:30:40] train_sl INFO: Epoch: 190 , Validation Loss: 0.04126127427443862 , Test Loss: 0.03789385221898556 , Training Loss: 0.04302196383762818 , Timing: 0.003828287124633789
[03/22 11:30:40] train_sl INFO: Epoch: 191 , Validation Loss: 0.04498769538477063 , Test Loss: 0.04144761553034186 , Training Loss: 0.04748944753709321 , Timing: 0.0038793087005615234
[03/22 11:30:40] train_sl INFO: Epoch: 192 , Validation Loss: 0.04394273022189736 , Test Loss: 0.04045048151165247 , Training Loss: 0.04641575633118359 , Timing: 0.00383758544921875
[03/22 11:30:41] train_sl INFO: Epoch: 193 , Validation Loss: 0.03785739289596677 , Test Loss: 0.034668110124766824 , Training Loss: 0.03934371834979034 , Timing: 0.003911733627319336
[03/22 11:30:41] train_sl INFO: Epoch: 194 , Validation Loss: 0.03322534179314971 , Test Loss: 0.030312016513198613 , Training Loss: 0.03378011792217596 , Timing: 0.003953218460083008
[03/22 11:30:41] train_sl INFO: Epoch: 195 , Validation Loss: 0.03485886668786407 , Test Loss: 0.031840495951473716 , Training Loss: 0.03583612136292057 , Timing: 0.003923654556274414
[03/22 11:30:41] train_sl INFO: Epoch: 196 , Validation Loss: 0.03979630060493946 , Test Loss: 0.03650292539969087 , Training Loss: 0.041808838839642704 , Timing: 0.0037992000579833984
[03/22 11:30:41] train_sl INFO: Epoch: 197 , Validation Loss: 0.04072055760771036 , Test Loss: 0.037378146685659884 , Training Loss: 0.04294195703159158 , Timing: 0.0040225982666015625
[03/22 11:30:41] train_sl INFO: Epoch: 198 , Validation Loss: 0.03861926877871156 , Test Loss: 0.035383453406393525 , Training Loss: 0.04044618028610085 , Timing: 0.00396275520324707
[03/22 11:30:41] train_sl INFO: Epoch: 199 , Validation Loss: 0.037024194933474065 , Test Loss: 0.03387445118278265 , Training Loss: 0.03853601816361053 , Timing: 0.0036382675170898438
[03/22 11:30:41] train_sl INFO: Epoch: 200 , Validation Loss: 0.042769803386181596 , Test Loss: 0.039335631858557464 , Training Loss: 0.04537189735744435 , Timing: 0.00392603874206543
[03/22 11:30:41] train_sl INFO: Model checkpoint saved at epoch: 200
[03/22 11:30:41] train_sl INFO: SELCON Selection Run---------------------------------
[03/22 11:30:41] train_sl INFO: Final SubsetTrn: 0.019301
[03/22 11:30:41] train_sl INFO: Validation Loss: 0.04
[03/22 11:30:41] train_sl INFO: Test Data Loss: 0.039336
[03/22 11:30:41] train_sl INFO: ---------------------------------------------------------------------
[03/22 11:30:41] train_sl INFO: SELCON
[03/22 11:30:41] train_sl INFO: ---------------------------------------------------------------------
[03/22 11:30:41] train_sl INFO: [0.004319906234741211, 0.004128694534301758, 0.003965616226196289, 0.004081249237060547, 0.004028797149658203, 0.0039365291595458984, 0.004103422164916992, 0.003871917724609375, 0.004019975662231445, 0.0040013790130615234, 0.004056692123413086, 0.003981590270996094, 0.003997325897216797, 0.004027128219604492, 0.0037794113159179688, 0.0040035247802734375, 0.0039920806884765625, 0.003960609436035156, 0.003986835479736328, 0.003965616226196289, 0.029608726501464844, 0.0037887096405029297, 0.004029035568237305, 0.003814697265625, 0.003791332244873047, 0.0038728713989257812, 0.004264354705810547, 0.003505706787109375, 0.004357576370239258, 0.004694223403930664, 0.004022121429443359, 0.0038552284240722656, 0.003977775573730469, 0.004095792770385742, 0.0037724971771240234, 0.003721952438354492, 0.003650188446044922, 0.003618955612182617, 0.0036554336547851562, 0.003911256790161133, 0.028359413146972656, 0.0036840438842773438, 0.0038900375366210938, 0.003705739974975586, 0.003962993621826172, 0.003911495208740234, 0.0038869380950927734, 0.0036363601684570312, 0.0037488937377929688, 0.0036933422088623047, 0.003693103790283203, 0.003887176513671875, 0.0036444664001464844, 0.0036308765411376953, 0.003815889358520508, 0.0039691925048828125, 0.0034160614013671875, 0.003962516784667969, 0.003829479217529297, 0.003926277160644531, 0.02858710289001465, 0.003978252410888672, 0.0035979747772216797, 0.004155635833740234, 0.0038709640502929688, 0.003957509994506836, 0.007016420364379883, 0.0038771629333496094, 0.0038230419158935547, 0.0038547515869140625, 0.0037889480590820312, 0.003919363021850586, 0.003951072692871094, 0.003969669342041016, 0.0038237571716308594, 0.003691434860229492, 0.003684520721435547, 0.0035507678985595703, 0.003645658493041992, 0.003876209259033203, 0.02956414222717285, 0.004217863082885742, 0.0038671493530273438, 0.0038352012634277344, 0.003862619400024414, 0.003792285919189453, 0.003537893295288086, 0.004102945327758789, 0.0035610198974609375, 0.0036389827728271484, 0.003686666488647461, 0.003962516784667969, 0.0039033889770507812, 0.003665447235107422, 0.003950595855712891, 0.003801584243774414, 0.0036907196044921875, 0.003953218460083008, 0.004025936126708984, 0.003914356231689453, 0.02897477149963379, 0.0038213729858398438, 0.0039103031158447266, 0.004561901092529297, 0.0035796165466308594, 0.0038170814514160156, 0.003966093063354492, 0.004067659378051758, 0.0034978389739990234, 0.004400014877319336, 0.003983020782470703, 0.0037932395935058594, 0.003920078277587891, 0.003662586212158203, 0.0040438175201416016, 0.003932476043701172, 0.0036907196044921875, 0.003985881805419922, 0.0038568973541259766, 0.0036683082580566406, 0.02920818328857422, 0.003751993179321289, 0.003789663314819336, 0.003767728805541992, 0.0036804676055908203, 0.003850698471069336, 0.0036160945892333984, 0.0036153793334960938, 0.0036492347717285156, 0.003824949264526367, 0.0036382675170898438, 0.0038335323333740234, 0.003673553466796875, 0.0039255619049072266, 0.0037293434143066406, 0.0038111209869384766, 0.0039119720458984375, 0.003663301467895508, 0.003938436508178711, 0.003951072692871094, 0.030337095260620117, 0.003965616226196289, 0.003914833068847656, 0.004022359848022461, 0.004038572311401367, 0.0038573741912841797, 0.003868579864501953, 0.004039764404296875, 0.0037407875061035156, 0.0039522647857666016, 0.003679037094116211, 0.003866910934448242, 0.003968715667724609, 0.004050254821777344, 0.0039823055267333984, 0.0038614273071289062, 0.00396728515625, 0.003719329833984375, 0.0038518905639648438, 0.003933429718017578, 0.029362201690673828, 0.003950834274291992, 0.0038557052612304688, 0.003913164138793945, 0.0036439895629882812, 0.0036945343017578125, 0.003696441650390625, 0.003668546676635742, 0.003682374954223633, 0.004026651382446289, 0.003943443298339844, 0.003790616989135742, 0.003567218780517578, 0.003821134567260742, 0.0039119720458984375, 0.003635406494140625, 0.004992961883544922, 0.003977298736572266, 0.00396728515625, 0.003973245620727539, 0.029906511306762695, 0.004136323928833008, 0.0036635398864746094, 0.0037949085235595703, 0.0039577484130859375, 0.004498720169067383, 0.003931522369384766, 0.0041391849517822266, 0.003904581069946289, 0.003828287124633789, 0.0038793087005615234, 0.00383758544921875, 0.003911733627319336, 0.003953218460083008, 0.003923654556274414, 0.0037992000579833984, 0.0040225982666015625, 0.00396275520324707, 0.0036382675170898438, 0.00392603874206543]
[03/22 11:30:41] train_sl INFO: Total time taken by SELCON = 1.0079 
