[03/22 11:33:57] train_sl INFO: DotMap(setting='SL', dataset=DotMap(name='LawSchool', datadir='../data', feature='dss', type='pre-defined'), dataloader=DotMap(shuffle=True, batch_size=100, pin_memory=False), model=DotMap(architecture='RegressionNet', type='pre-defined', input_dim=10, numclasses=10), ckpt=DotMap(is_load=False, is_save=True, dir='results/', save_every=20), loss=DotMap(type='MeanSquaredLoss', use_sigmoid=False), optimizer=DotMap(type='adam', lr=0.01), scheduler=DotMap(type='StepLR', step_size=1, gamma=0.1), dss_args=DotMap(type='SELCON', fraction=0.01, select_every=35, kappa=0, delta=0.04, linear_layer=False, lam=1e-05, batch_sampler='sequential', selection_type='Supervised'), train_args=DotMap(num_epochs=200, device='cuda', print_every=1, results_dir='results/', print_args=['val_loss', 'tst_loss', 'trn_loss', 'time'], return_args=[]))
[03/22 11:34:02] train_sl INFO: SELCON: starting pre compute
[03/22 11:34:11] train_sl INFO: SELCON: Finishing F phi
[03/22 11:34:13] train_sl INFO: SELCON: Finishing element wise F
[03/22 11:34:13] train_sl INFO: Epoch: 1 , Validation Loss: 15.634833574295044 , Test Loss: 15.71199426651001 , Training Loss: 16.055972113059116 , Timing: 0.00403904914855957
[03/22 11:34:13] train_sl INFO: Epoch: 2 , Validation Loss: 1.9271600842475891 , Test Loss: 1.888549768924713 , Training Loss: 1.8294772740740042 , Timing: 0.003991842269897461
[03/22 11:34:13] train_sl INFO: Epoch: 3 , Validation Loss: 3.482585746049881 , Test Loss: 3.3818179190158846 , Training Loss: 3.5148940155139337 , Timing: 0.004130363464355469
[03/22 11:34:14] train_sl INFO: Epoch: 4 , Validation Loss: 7.291284358501434 , Test Loss: 7.171686768531799 , Training Loss: 7.492089445774372 , Timing: 0.00395512580871582
[03/22 11:34:14] train_sl INFO: Epoch: 5 , Validation Loss: 6.296745121479034 , Test Loss: 6.184408414363861 , Training Loss: 6.428726780873078 , Timing: 0.003889799118041992
[03/22 11:34:14] train_sl INFO: Epoch: 6 , Validation Loss: 2.9578116595745088 , Test Loss: 2.868944042921066 , Training Loss: 2.9267855492921977 , Timing: 0.00399470329284668
[03/22 11:34:14] train_sl INFO: Epoch: 7 , Validation Loss: 1.2640675842761993 , Test Loss: 1.2068025022745132 , Training Loss: 1.163509249400634 , Timing: 0.004111289978027344
[03/22 11:34:14] train_sl INFO: Epoch: 8 , Validation Loss: 1.926818859577179 , Test Loss: 1.9003133177757263 , Training Loss: 1.8724586751598578 , Timing: 0.003983497619628906
[03/22 11:34:14] train_sl INFO: Epoch: 9 , Validation Loss: 2.9430151522159576 , Test Loss: 2.9330441832542418 , Training Loss: 2.949327149070226 , Timing: 0.007297515869140625
[03/22 11:34:14] train_sl INFO: Epoch: 10 , Validation Loss: 2.6835596323013307 , Test Loss: 2.6713963449001312 , Training Loss: 2.6815732826407137 , Timing: 0.005323886871337891
[03/22 11:34:14] train_sl INFO: Epoch: 11 , Validation Loss: 1.6448950469493866 , Test Loss: 1.6171755731105804 , Training Loss: 1.5869578168942378 , Timing: 0.004194498062133789
[03/22 11:34:15] train_sl INFO: Epoch: 12 , Validation Loss: 1.1617312729358673 , Test Loss: 1.1160150319337845 , Training Loss: 1.0632632340376194 , Timing: 0.003998517990112305
[03/22 11:34:15] train_sl INFO: Epoch: 13 , Validation Loss: 1.4049129873514175 , Test Loss: 1.3476611971855164 , Training Loss: 1.298339578967828 , Timing: 0.0041408538818359375
[03/22 11:34:15] train_sl INFO: Epoch: 14 , Validation Loss: 1.58980912566185 , Test Loss: 1.5299944847822189 , Training Loss: 1.48345252011831 , Timing: 0.003992557525634766
[03/22 11:34:15] train_sl INFO: Epoch: 15 , Validation Loss: 1.3818087607622147 , Test Loss: 1.327257052063942 , Training Loss: 1.2727919349876733 , Timing: 0.0041196346282958984
[03/22 11:34:15] train_sl INFO: Epoch: 16 , Validation Loss: 1.1181177645921707 , Test Loss: 1.073945665359497 , Training Loss: 1.0154079485398073 , Timing: 0.00416254997253418
[03/22 11:34:15] train_sl INFO: Epoch: 17 , Validation Loss: 1.1470401972532271 , Test Loss: 1.1143681824207305 , Training Loss: 1.066105220753413 , Timing: 0.003981113433837891
[03/22 11:34:15] train_sl INFO: Epoch: 18 , Validation Loss: 1.3304023444652557 , Test Loss: 1.3055641144514083 , Training Loss: 1.2719252831660783 , Timing: 0.00426483154296875
[03/22 11:34:16] train_sl INFO: Epoch: 19 , Validation Loss: 1.3023472666740417 , Test Loss: 1.2780814468860626 , Training Loss: 1.2445783583590617 , Timing: 0.004147529602050781
[03/22 11:34:16] train_sl INFO: Epoch: 20 , Validation Loss: 1.1083992272615433 , Test Loss: 1.078795102238655 , Training Loss: 1.0323140566738753 , Timing: 0.004141807556152344
[03/22 11:34:16] train_sl INFO: Model checkpoint saved at epoch: 20
[03/22 11:34:16] train_sl INFO: Epoch: 21 , Validation Loss: 1.017901036143303 , Test Loss: 0.9809253215789795 , Training Loss: 0.9226327919616149 , Timing: 0.004238128662109375
[03/22 11:34:16] train_sl INFO: Epoch: 22 , Validation Loss: 1.0387041330337525 , Test Loss: 0.9988575875759125 , Training Loss: 0.9382491163336314 , Timing: 0.0040662288665771484
[03/22 11:34:16] train_sl INFO: Epoch: 23 , Validation Loss: 1.0194141477346421 , Test Loss: 0.98041430413723 , Training Loss: 0.9203847643847649 , Timing: 0.004154682159423828
[03/22 11:34:16] train_sl INFO: Epoch: 24 , Validation Loss: 0.9759449899196625 , Test Loss: 0.9396027833223343 , Training Loss: 0.8815605095945872 , Timing: 0.004124164581298828
[03/22 11:34:16] train_sl INFO: Epoch: 25 , Validation Loss: 0.9459194034337998 , Test Loss: 0.9121770083904266 , Training Loss: 0.856936460504165 , Timing: 0.0044710636138916016
[03/22 11:34:16] train_sl INFO: Epoch: 26 , Validation Loss: 0.9304396003484726 , Test Loss: 0.8992513358592987 , Training Loss: 0.8472514722782832 , Timing: 0.0041637420654296875
[03/22 11:34:17] train_sl INFO: Epoch: 27 , Validation Loss: 0.9279009610414505 , Test Loss: 0.8992929488420487 , Training Loss: 0.8505620171244328 , Timing: 0.0041196346282958984
[03/22 11:34:17] train_sl INFO: Epoch: 28 , Validation Loss: 0.9341353833675384 , Test Loss: 0.9078454881906509 , Training Loss: 0.8622459820829905 , Timing: 0.004147052764892578
[03/22 11:34:17] train_sl INFO: Epoch: 29 , Validation Loss: 0.9175727397203446 , Test Loss: 0.8919114619493484 , Training Loss: 0.8467034643086103 , Timing: 0.004111289978027344
[03/22 11:34:17] train_sl INFO: Epoch: 30 , Validation Loss: 0.8757073670625687 , Test Loss: 0.8492411077022552 , Training Loss: 0.801400400698185 , Timing: 0.004225730895996094
[03/22 11:34:17] train_sl INFO: Epoch: 31 , Validation Loss: 0.8429351836442948 , Test Loss: 0.8156361132860184 , Training Loss: 0.764640904389895 , Timing: 0.005200386047363281
[03/22 11:34:17] train_sl INFO: Epoch: 32 , Validation Loss: 0.824384069442749 , Test Loss: 0.7973240911960602 , Training Loss: 0.7449545398927652 , Timing: 0.00407719612121582
[03/22 11:34:17] train_sl INFO: Epoch: 33 , Validation Loss: 0.8129935711622238 , Test Loss: 0.7883587688207626 , Training Loss: 0.7378258444368839 , Timing: 0.003506898880004883
[03/22 11:34:18] train_sl INFO: Epoch: 34 , Validation Loss: 0.8016101986169815 , Test Loss: 0.7787116348743439 , Training Loss: 0.7287961857823225 , Timing: 0.0034804344177246094
[03/22 11:34:18] train_sl INFO: Epoch: 35 , Validation Loss: 0.7802401006221771 , Test Loss: 0.7574601739645004 , Training Loss: 0.7057090148043174 , Timing: 0.003404378890991211
[03/22 11:34:18] train_sl INFO: Epoch: 36, SELCON dataloader subset selection finished, takes 0.0248. 
[03/22 11:34:18] train_sl INFO: Epoch: 36 , Validation Loss: 0.7577835232019424 , Test Loss: 0.7337909653782845 , Training Loss: 0.6783049229819041 , Timing: 0.028087139129638672
[03/22 11:34:18] train_sl INFO: Epoch: 37 , Validation Loss: 0.7676206469535828 , Test Loss: 0.7414752125740052 , Training Loss: 0.6846861572792897 , Timing: 0.0033593177795410156
[03/22 11:34:18] train_sl INFO: Epoch: 38 , Validation Loss: 0.8314519613981247 , Test Loss: 0.8032050371170044 , Training Loss: 0.751223084445183 , Timing: 0.0031173229217529297
[03/22 11:34:18] train_sl INFO: Epoch: 39 , Validation Loss: 0.8450936913490296 , Test Loss: 0.8163636445999145 , Training Loss: 0.7746323613593211 , Timing: 0.0032875537872314453
[03/22 11:34:18] train_sl INFO: Epoch: 40 , Validation Loss: 0.7495238214731217 , Test Loss: 0.7225875526666641 , Training Loss: 0.6874081703046193 , Timing: 0.0032508373260498047
[03/22 11:34:18] train_sl INFO: Model checkpoint saved at epoch: 40
[03/22 11:34:18] train_sl INFO: Epoch: 41 , Validation Loss: 0.592584578692913 , Test Loss: 0.5703686967492103 , Training Loss: 0.529237867691196 , Timing: 0.0032057762145996094
[03/22 11:34:19] train_sl INFO: Epoch: 42 , Validation Loss: 0.5417700245976448 , Test Loss: 0.5236784532666207 , Training Loss: 0.47159818044075597 , Timing: 0.0029807090759277344
[03/22 11:34:19] train_sl INFO: Epoch: 43 , Validation Loss: 0.5218505159020423 , Test Loss: 0.5056214347481728 , Training Loss: 0.44633271588155854 , Timing: 0.003779172897338867
[03/22 11:34:19] train_sl INFO: Epoch: 44 , Validation Loss: 0.48152364045381546 , Test Loss: 0.4647377818822861 , Training Loss: 0.4108649371908261 , Timing: 0.0034008026123046875
[03/22 11:34:19] train_sl INFO: Epoch: 45 , Validation Loss: 0.45726117938756944 , Test Loss: 0.43924618810415267 , Training Loss: 0.3998809133011561 , Timing: 0.0036547183990478516
[03/22 11:34:19] train_sl INFO: Epoch: 46 , Validation Loss: 0.44999841302633287 , Test Loss: 0.4313625395298004 , Training Loss: 0.40578282796419585 , Timing: 0.005639553070068359
[03/22 11:34:19] train_sl INFO: Epoch: 47 , Validation Loss: 0.43361493200063705 , Test Loss: 0.4155852124094963 , Training Loss: 0.3927798213867041 , Timing: 0.003955841064453125
[03/22 11:34:19] train_sl INFO: Epoch: 48 , Validation Loss: 0.41446245461702347 , Test Loss: 0.3974480673670769 , Training Loss: 0.37174066063016653 , Timing: 0.003947257995605469
[03/22 11:34:19] train_sl INFO: Epoch: 49 , Validation Loss: 0.39342349469661714 , Test Loss: 0.3780799075961113 , Training Loss: 0.3411038159034573 , Timing: 0.003994941711425781
[03/22 11:34:20] train_sl INFO: Epoch: 50 , Validation Loss: 0.3785353437066078 , Test Loss: 0.3645054489374161 , Training Loss: 0.32075544324918437 , Timing: 0.0039386749267578125
[03/22 11:34:20] train_sl INFO: Epoch: 51 , Validation Loss: 0.36678035408258436 , Test Loss: 0.35349413752555847 , Training Loss: 0.3105772337518059 , Timing: 0.0039026737213134766
[03/22 11:34:20] train_sl INFO: Epoch: 52 , Validation Loss: 0.3565691404044628 , Test Loss: 0.34381356462836266 , Training Loss: 0.30471592711714596 , Timing: 0.003766775131225586
[03/22 11:34:20] train_sl INFO: Epoch: 53 , Validation Loss: 0.34940405189991 , Test Loss: 0.3369668148458004 , Training Loss: 0.3044311675028159 , Timing: 0.0036160945892333984
[03/22 11:34:20] train_sl INFO: Epoch: 54 , Validation Loss: 0.3356460012495518 , Test Loss: 0.3245411917567253 , Training Loss: 0.28153969827466285 , Timing: 0.003970623016357422
[03/22 11:34:20] train_sl INFO: Epoch: 55 , Validation Loss: 0.3257307320833206 , Test Loss: 0.3155751697719097 , Training Loss: 0.2672678871939962 , Timing: 0.00456547737121582
[03/22 11:34:20] train_sl INFO: Epoch: 56 , Validation Loss: 0.3177289828658104 , Test Loss: 0.30799571573734286 , Training Loss: 0.2631269386754586 , Timing: 0.0039424896240234375
[03/22 11:34:21] train_sl INFO: Epoch: 57 , Validation Loss: 0.30825665295124055 , Test Loss: 0.29985829442739487 , Training Loss: 0.24159186562666526 , Timing: 0.006199359893798828
[03/22 11:34:21] train_sl INFO: Epoch: 58 , Validation Loss: 0.3039532840251923 , Test Loss: 0.2971247434616089 , Training Loss: 0.22074646065728024 , Timing: 0.0033292770385742188
[03/22 11:34:21] train_sl INFO: Epoch: 59 , Validation Loss: 0.29891160055994986 , Test Loss: 0.29298070073127747 , Training Loss: 0.20945004266328537 , Timing: 0.003274679183959961
[03/22 11:34:21] train_sl INFO: Epoch: 60 , Validation Loss: 0.284904033690691 , Test Loss: 0.2783599428832531 , Training Loss: 0.21436751297173592 , Timing: 0.0032820701599121094
[03/22 11:34:21] train_sl INFO: Model checkpoint saved at epoch: 60
[03/22 11:34:21] train_sl INFO: Epoch: 61 , Validation Loss: 0.2802796244621277 , Test Loss: 0.27296384498476983 , Training Loss: 0.23227822608672655 , Timing: 0.003198385238647461
[03/22 11:34:21] train_sl INFO: Epoch: 62 , Validation Loss: 0.272955209761858 , Test Loss: 0.26611929312348365 , Training Loss: 0.22481834322500688 , Timing: 0.003295421600341797
[03/22 11:34:21] train_sl INFO: Epoch: 63 , Validation Loss: 0.26404519081115724 , Test Loss: 0.2579497456550598 , Training Loss: 0.21015843304877097 , Timing: 0.0032155513763427734
[03/22 11:34:21] train_sl INFO: Epoch: 64 , Validation Loss: 0.2565464325249195 , Test Loss: 0.25110978707671167 , Training Loss: 0.19741293207670635 , Timing: 0.003147125244140625
[03/22 11:34:22] train_sl INFO: Epoch: 65 , Validation Loss: 0.25032237991690637 , Test Loss: 0.2451856814324856 , Training Loss: 0.1922140042655743 , Timing: 0.0030202865600585938
[03/22 11:34:22] train_sl INFO: Epoch: 66 , Validation Loss: 0.244121528416872 , Test Loss: 0.2395202673971653 , Training Loss: 0.18167794775217772 , Timing: 0.003123044967651367
[03/22 11:34:22] train_sl INFO: Epoch: 67 , Validation Loss: 0.24038516022264958 , Test Loss: 0.23677465468645095 , Training Loss: 0.16421702987729356 , Timing: 0.003144979476928711
[03/22 11:34:22] train_sl INFO: Epoch: 68 , Validation Loss: 0.23707349225878716 , Test Loss: 0.23409364372491837 , Training Loss: 0.15396773954853415 , Timing: 0.0032422542572021484
[03/22 11:34:22] train_sl INFO: Epoch: 69 , Validation Loss: 0.2340489998459816 , Test Loss: 0.23155951574444772 , Training Loss: 0.14615178709992996 , Timing: 0.0033059120178222656
[03/22 11:34:22] train_sl INFO: Epoch: 70 , Validation Loss: 0.22842199839651584 , Test Loss: 0.22606768906116487 , Training Loss: 0.14171545683907774 , Timing: 0.0033028125762939453
[03/22 11:34:22] train_sl INFO: Epoch: 71, SELCON dataloader subset selection finished, takes 0.0251. 
[03/22 11:34:22] train_sl INFO: Epoch: 71 , Validation Loss: 0.22067202851176262 , Test Loss: 0.2182191051542759 , Training Loss: 0.13930395779271537 , Timing: 0.028692960739135742
[03/22 11:34:23] train_sl INFO: Epoch: 72 , Validation Loss: 0.21682936809957026 , Test Loss: 0.21465838737785817 , Training Loss: 0.13349387533246324 , Timing: 0.0039823055267333984
[03/22 11:34:23] train_sl INFO: Epoch: 73 , Validation Loss: 0.21914680525660515 , Test Loss: 0.2176253966987133 , Training Loss: 0.1263772680853995 , Timing: 0.003313302993774414
[03/22 11:34:23] train_sl INFO: Epoch: 74 , Validation Loss: 0.2233270613476634 , Test Loss: 0.22238370385020972 , Training Loss: 0.12230476278525132 , Timing: 0.003260374069213867
[03/22 11:34:23] train_sl INFO: Epoch: 75 , Validation Loss: 0.22996838204562664 , Test Loss: 0.22958931382745504 , Training Loss: 0.12107968627690123 , Timing: 0.0034668445587158203
[03/22 11:34:23] train_sl INFO: Epoch: 76 , Validation Loss: 0.22147053424268962 , Test Loss: 0.221015845797956 , Training Loss: 0.11669156757684854 , Timing: 0.0032918453216552734
[03/22 11:34:23] train_sl INFO: Epoch: 77 , Validation Loss: 0.20397908203303813 , Test Loss: 0.20300213824957608 , Training Loss: 0.11152204187013783 , Timing: 0.003163576126098633
[03/22 11:34:23] train_sl INFO: Epoch: 78 , Validation Loss: 0.18726990967988968 , Test Loss: 0.18553416319191457 , Training Loss: 0.11173461897012132 , Timing: 0.0032274723052978516
[03/22 11:34:23] train_sl INFO: Epoch: 79 , Validation Loss: 0.17879156582057476 , Test Loss: 0.17657305262982845 , Training Loss: 0.11497712955595209 , Timing: 0.0031893253326416016
[03/22 11:34:24] train_sl INFO: Epoch: 80 , Validation Loss: 0.1790760863572359 , Test Loss: 0.17741273753345013 , Training Loss: 0.10627909062000421 , Timing: 0.003232717514038086
[03/22 11:34:24] train_sl INFO: Model checkpoint saved at epoch: 80
[03/22 11:34:24] train_sl INFO: Epoch: 81 , Validation Loss: 0.18537341002374888 , Test Loss: 0.18441471718251706 , Training Loss: 0.10086044794521652 , Timing: 0.0031995773315429688
[03/22 11:34:24] train_sl INFO: Epoch: 82 , Validation Loss: 0.19806402772665024 , Test Loss: 0.19785060044378042 , Training Loss: 0.10143290327575344 , Timing: 0.003252267837524414
[03/22 11:34:24] train_sl INFO: Epoch: 83 , Validation Loss: 0.20945719983428718 , Test Loss: 0.20977239608764647 , Training Loss: 0.10495115361677912 , Timing: 0.0032715797424316406
[03/22 11:34:24] train_sl INFO: Epoch: 84 , Validation Loss: 0.19623068440705538 , Test Loss: 0.19626366924494504 , Training Loss: 0.09891235353783347 , Timing: 0.0032312870025634766
[03/22 11:34:24] train_sl INFO: Epoch: 85 , Validation Loss: 0.16498097106814386 , Test Loss: 0.16381931770592928 , Training Loss: 0.09242527519997495 , Timing: 0.0032422542572021484
[03/22 11:34:24] train_sl INFO: Epoch: 86 , Validation Loss: 0.15303992219269275 , Test Loss: 0.15103705935180187 , Training Loss: 0.09902718043527924 , Timing: 0.0032014846801757812
[03/22 11:34:24] train_sl INFO: Epoch: 87 , Validation Loss: 0.1502301599830389 , Test Loss: 0.1483377769589424 , Training Loss: 0.09569719673779148 , Timing: 0.003144979476928711
[03/22 11:34:25] train_sl INFO: Epoch: 88 , Validation Loss: 0.15923425517976283 , Test Loss: 0.15839181654155254 , Training Loss: 0.08575049923876157 , Timing: 0.003204345703125
[03/22 11:34:25] train_sl INFO: Epoch: 89 , Validation Loss: 0.18080940525978803 , Test Loss: 0.18099273461848497 , Training Loss: 0.08971892488905443 , Timing: 0.003156423568725586
[03/22 11:34:25] train_sl INFO: Epoch: 90 , Validation Loss: 0.1949744001030922 , Test Loss: 0.19568421822041274 , Training Loss: 0.09602088558201033 , Timing: 0.0031995773315429688
[03/22 11:34:25] train_sl INFO: Epoch: 91 , Validation Loss: 0.17869062703102828 , Test Loss: 0.1790400270372629 , Training Loss: 0.088066699108682 , Timing: 0.003245830535888672
[03/22 11:34:25] train_sl INFO: Epoch: 92 , Validation Loss: 0.15215717852115632 , Test Loss: 0.151675371453166 , Training Loss: 0.0787407305593101 , Timing: 0.0032646656036376953
[03/22 11:34:25] train_sl INFO: Epoch: 93 , Validation Loss: 0.13837504386901855 , Test Loss: 0.1373129790648818 , Training Loss: 0.07770688264057614 , Timing: 0.0032668113708496094
[03/22 11:34:25] train_sl INFO: Epoch: 94 , Validation Loss: 0.13783167190849782 , Test Loss: 0.13693703338503838 , Training Loss: 0.07534215959290472 , Timing: 0.003251314163208008
[03/22 11:34:26] train_sl INFO: Epoch: 95 , Validation Loss: 0.1373970504850149 , Test Loss: 0.13665626160800456 , Training Loss: 0.07337393240931515 , Timing: 0.0033135414123535156
[03/22 11:34:26] train_sl INFO: Epoch: 96 , Validation Loss: 0.1317012883722782 , Test Loss: 0.1308224353939295 , Training Loss: 0.07193403295241296 , Timing: 0.0033464431762695312
[03/22 11:34:26] train_sl INFO: Epoch: 97 , Validation Loss: 0.13467499278485776 , Test Loss: 0.13412121832370758 , Training Loss: 0.07011580153798255 , Timing: 0.003250598907470703
[03/22 11:34:26] train_sl INFO: Epoch: 98 , Validation Loss: 0.13160738721489906 , Test Loss: 0.1310535378754139 , Training Loss: 0.06851382068215081 , Timing: 0.003271818161010742
[03/22 11:34:26] train_sl INFO: Epoch: 99 , Validation Loss: 0.1242139108479023 , Test Loss: 0.12343700919300318 , Training Loss: 0.06688927461464818 , Timing: 0.0033063888549804688
[03/22 11:34:26] train_sl INFO: Epoch: 100 , Validation Loss: 0.12567277625203133 , Test Loss: 0.1251226936466992 , Training Loss: 0.06534296791785611 , Timing: 0.0033621788024902344
[03/22 11:34:26] train_sl INFO: Model checkpoint saved at epoch: 100
[03/22 11:34:26] train_sl INFO: Epoch: 101 , Validation Loss: 0.1320066535845399 , Test Loss: 0.13183712717145682 , Training Loss: 0.06573229025189693 , Timing: 0.0032324790954589844
[03/22 11:34:26] train_sl INFO: Epoch: 102 , Validation Loss: 0.12722022393718363 , Test Loss: 0.1269823580980301 , Training Loss: 0.0636345711357605 , Timing: 0.0031557083129882812
[03/22 11:34:27] train_sl INFO: Epoch: 103 , Validation Loss: 0.1263099057599902 , Test Loss: 0.12614556755870582 , Training Loss: 0.06270789510857028 , Timing: 0.0030705928802490234
[03/22 11:34:27] train_sl INFO: Epoch: 104 , Validation Loss: 0.12227083174511791 , Test Loss: 0.12206344194710254 , Training Loss: 0.060983155495845355 , Timing: 0.003111124038696289
[03/22 11:34:27] train_sl INFO: Epoch: 105 , Validation Loss: 0.10904221367090941 , Test Loss: 0.10837882142513991 , Training Loss: 0.05815034547749047 , Timing: 0.003242015838623047
[03/22 11:34:27] train_sl INFO: Epoch: 106, SELCON dataloader subset selection finished, takes 0.0246. 
[03/22 11:34:27] train_sl INFO: Epoch: 106 , Validation Loss: 0.10209943410009145 , Test Loss: 0.10117463450878858 , Training Loss: 0.057743926120635405 , Timing: 0.027968168258666992
[03/22 11:34:27] train_sl INFO: Epoch: 107 , Validation Loss: 0.10118293026462197 , Test Loss: 0.10036484468728304 , Training Loss: 0.05586983725571862 , Timing: 0.0031948089599609375
[03/22 11:34:27] train_sl INFO: Epoch: 108 , Validation Loss: 0.10341880172491073 , Test Loss: 0.10285675739869475 , Training Loss: 0.054199028616914384 , Timing: 0.0032677650451660156
[03/22 11:34:27] train_sl INFO: Epoch: 109 , Validation Loss: 0.10502539835870266 , Test Loss: 0.10464588580653071 , Training Loss: 0.05353944159399431 , Timing: 0.00324249267578125
[03/22 11:34:28] train_sl INFO: Epoch: 110 , Validation Loss: 0.10894148806110024 , Test Loss: 0.10880096266046166 , Training Loss: 0.054288548130828604 , Timing: 0.003228902816772461
[03/22 11:34:28] train_sl INFO: Epoch: 111 , Validation Loss: 0.10867320047691464 , Test Loss: 0.10860554324463009 , Training Loss: 0.05410788170635127 , Timing: 0.003252744674682617
[03/22 11:34:28] train_sl INFO: Epoch: 112 , Validation Loss: 0.10452427556738257 , Test Loss: 0.10439618658274412 , Training Loss: 0.052364492359069675 , Timing: 0.0032906532287597656
[03/22 11:34:28] train_sl INFO: Epoch: 113 , Validation Loss: 0.09438152806833386 , Test Loss: 0.09394871396943927 , Training Loss: 0.04902166507851619 , Timing: 0.003267526626586914
[03/22 11:34:28] train_sl INFO: Epoch: 114 , Validation Loss: 0.08671873556450009 , Test Loss: 0.08600468700751662 , Training Loss: 0.04776761199956617 , Timing: 0.0032520294189453125
[03/22 11:34:28] train_sl INFO: Epoch: 115 , Validation Loss: 0.08624567119404673 , Test Loss: 0.08561881203204394 , Training Loss: 0.04667349708660577 , Timing: 0.003282785415649414
[03/22 11:34:28] train_sl INFO: Epoch: 116 , Validation Loss: 0.09113788707181811 , Test Loss: 0.09081748137250542 , Training Loss: 0.0467411031265958 , Timing: 0.003300189971923828
[03/22 11:34:28] train_sl INFO: Epoch: 117 , Validation Loss: 0.09885571375489235 , Test Loss: 0.09885860811918974 , Training Loss: 0.049349767317135744 , Timing: 0.003365755081176758
[03/22 11:34:29] train_sl INFO: Epoch: 118 , Validation Loss: 0.09654628224670887 , Test Loss: 0.09652075115591288 , Training Loss: 0.048179569689986795 , Timing: 0.0031707286834716797
[03/22 11:34:29] train_sl INFO: Epoch: 119 , Validation Loss: 0.08582162754610181 , Test Loss: 0.08546608602628111 , Training Loss: 0.04412705835420638 , Timing: 0.003214120864868164
[03/22 11:34:29] train_sl INFO: Epoch: 120 , Validation Loss: 0.07815015260130168 , Test Loss: 0.07749509271234274 , Training Loss: 0.04276664594474893 , Timing: 0.003246307373046875
[03/22 11:34:29] train_sl INFO: Model checkpoint saved at epoch: 120
[03/22 11:34:29] train_sl INFO: Epoch: 121 , Validation Loss: 0.07648125272244215 , Test Loss: 0.0758127337321639 , Training Loss: 0.04206196941399517 , Timing: 0.003120899200439453
[03/22 11:34:29] train_sl INFO: Epoch: 122 , Validation Loss: 0.07577755339443684 , Test Loss: 0.07515307599678636 , Training Loss: 0.04121574300090568 , Timing: 0.0032622814178466797
[03/22 11:34:29] train_sl INFO: Epoch: 123 , Validation Loss: 0.07541697360575199 , Test Loss: 0.0748511202633381 , Training Loss: 0.04042650482509858 , Timing: 0.003281116485595703
[03/22 11:34:29] train_sl INFO: Epoch: 124 , Validation Loss: 0.07561044376343488 , Test Loss: 0.07512886095792055 , Training Loss: 0.03978352880893418 , Timing: 0.0032553672790527344
[03/22 11:34:29] train_sl INFO: Epoch: 125 , Validation Loss: 0.08148769102990627 , Test Loss: 0.08129601059481502 , Training Loss: 0.04110386544981828 , Timing: 0.0032889842987060547
[03/22 11:34:30] train_sl INFO: Epoch: 126 , Validation Loss: 0.08214139500632882 , Test Loss: 0.0820162828080356 , Training Loss: 0.04122370946256874 , Timing: 0.0032646656036376953
[03/22 11:34:30] train_sl INFO: Epoch: 127 , Validation Loss: 0.07282291585579515 , Test Loss: 0.07240514177829027 , Training Loss: 0.03782470866393011 , Timing: 0.003255605697631836
[03/22 11:34:30] train_sl INFO: Epoch: 128 , Validation Loss: 0.06892385827377438 , Test Loss: 0.06838967138901353 , Training Loss: 0.03670609592854117 , Timing: 0.003235340118408203
[03/22 11:34:30] train_sl INFO: Epoch: 129 , Validation Loss: 0.07330104559659958 , Test Loss: 0.07300867764279247 , Training Loss: 0.03741209988947958 , Timing: 0.003211498260498047
[03/22 11:34:30] train_sl INFO: Epoch: 130 , Validation Loss: 0.07137329233810305 , Test Loss: 0.07105447957292199 , Training Loss: 0.03658746106800838 , Timing: 0.0032529830932617188
[03/22 11:34:30] train_sl INFO: Epoch: 131 , Validation Loss: 0.06321291010826827 , Test Loss: 0.06256947619840503 , Training Loss: 0.034802993589367434 , Timing: 0.003206014633178711
[03/22 11:34:30] train_sl INFO: Epoch: 132 , Validation Loss: 0.05916070006787777 , Test Loss: 0.05830229548737407 , Training Loss: 0.035230643169667855 , Timing: 0.0032274723052978516
[03/22 11:34:30] train_sl INFO: Epoch: 133 , Validation Loss: 0.05914845932275057 , Test Loss: 0.058381840027868746 , Training Loss: 0.03409871736613031 , Timing: 0.003246784210205078
[03/22 11:34:31] train_sl INFO: Epoch: 134 , Validation Loss: 0.0636139684356749 , Test Loss: 0.06316073411144316 , Training Loss: 0.03355954799693651 , Timing: 0.0033037662506103516
[03/22 11:34:31] train_sl INFO: Epoch: 135 , Validation Loss: 0.0691333781927824 , Test Loss: 0.06893592495471239 , Training Loss: 0.03533414827408986 , Timing: 0.003391742706298828
[03/22 11:34:31] train_sl INFO: Epoch: 136 , Validation Loss: 0.06823321618139744 , Test Loss: 0.06804715925827623 , Training Loss: 0.035027465236803085 , Timing: 0.004037380218505859
[03/22 11:34:31] train_sl INFO: Epoch: 137 , Validation Loss: 0.05769606530666351 , Test Loss: 0.057126454263925555 , Training Loss: 0.03168554976582527 , Timing: 0.0032606124877929688
[03/22 11:34:31] train_sl INFO: Epoch: 138 , Validation Loss: 0.05329084657132625 , Test Loss: 0.052508480940014125 , Training Loss: 0.0316319311521231 , Timing: 0.0032358169555664062
[03/22 11:34:31] train_sl INFO: Epoch: 139 , Validation Loss: 0.05398430023342371 , Test Loss: 0.053353067580610515 , Training Loss: 0.0305642386755118 , Timing: 0.003349781036376953
[03/22 11:34:31] train_sl INFO: Epoch: 140 , Validation Loss: 0.06090011904016137 , Test Loss: 0.0606534434016794 , Training Loss: 0.03218602252085335 , Timing: 0.0032095909118652344
[03/22 11:34:31] train_sl INFO: Model checkpoint saved at epoch: 140
[03/22 11:34:31] train_sl INFO: Epoch: 141, SELCON dataloader subset selection finished, takes 0.0249. 
[03/22 11:34:32] train_sl INFO: Epoch: 141 , Validation Loss: 0.0595038996078074 , Test Loss: 0.059261110797524455 , Training Loss: 0.03172995977533551 , Timing: 0.028401613235473633
[03/22 11:34:32] train_sl INFO: Epoch: 142 , Validation Loss: 0.05086804497987032 , Test Loss: 0.050303834676742556 , Training Loss: 0.028936450530846532 , Timing: 0.0032606124877929688
[03/22 11:34:32] train_sl INFO: Epoch: 143 , Validation Loss: 0.05177447097375989 , Test Loss: 0.05131971095688641 , Training Loss: 0.028772663477306757 , Timing: 0.0031037330627441406
[03/22 11:34:32] train_sl INFO: Epoch: 144 , Validation Loss: 0.05437130373902619 , Test Loss: 0.05407639304175973 , Training Loss: 0.029521950475799922 , Timing: 0.003036975860595703
[03/22 11:34:32] train_sl INFO: Epoch: 145 , Validation Loss: 0.04842370338737965 , Test Loss: 0.04790835976600647 , Training Loss: 0.027400811981911268 , Timing: 0.0032835006713867188
[03/22 11:34:32] train_sl INFO: Epoch: 146 , Validation Loss: 0.04555424805730581 , Test Loss: 0.04491630014963448 , Training Loss: 0.026793631160846695 , Timing: 0.003194093704223633
[03/22 11:34:32] train_sl INFO: Epoch: 147 , Validation Loss: 0.04795081065967679 , Test Loss: 0.047497175028547646 , Training Loss: 0.026726399628946986 , Timing: 0.0032570362091064453
[03/22 11:34:32] train_sl INFO: Epoch: 148 , Validation Loss: 0.055084361042827365 , Test Loss: 0.05494396137073636 , Training Loss: 0.02974244867129108 , Timing: 0.003322124481201172
[03/22 11:34:33] train_sl INFO: Epoch: 149 , Validation Loss: 0.050730408448725936 , Test Loss: 0.05047195386141538 , Training Loss: 0.02756607747421815 , Timing: 0.003187894821166992
[03/22 11:34:33] train_sl INFO: Epoch: 150 , Validation Loss: 0.04528393750078976 , Test Loss: 0.0448319795075804 , Training Loss: 0.025378245851383187 , Timing: 0.003153085708618164
[03/22 11:34:33] train_sl INFO: Epoch: 151 , Validation Loss: 0.042590093426406385 , Test Loss: 0.04203375903889537 , Training Loss: 0.02456766123829696 , Timing: 0.0032880306243896484
[03/22 11:34:33] train_sl INFO: Epoch: 152 , Validation Loss: 0.04152921568602323 , Test Loss: 0.04094515098258853 , Training Loss: 0.024149855661492508 , Timing: 0.003216266632080078
[03/22 11:34:33] train_sl INFO: Epoch: 153 , Validation Loss: 0.04266881383955479 , Test Loss: 0.04218354164622724 , Training Loss: 0.02403297185754547 , Timing: 0.0032510757446289062
[03/22 11:34:33] train_sl INFO: Epoch: 154 , Validation Loss: 0.04377003074623644 , Test Loss: 0.043361754482612015 , Training Loss: 0.024161246202241343 , Timing: 0.0030660629272460938
[03/22 11:34:33] train_sl INFO: Epoch: 155 , Validation Loss: 0.04063603738322854 , Test Loss: 0.04008738659322262 , Training Loss: 0.023201973504351023 , Timing: 0.003141641616821289
[03/22 11:34:34] train_sl INFO: Epoch: 156 , Validation Loss: 0.03897653426975012 , Test Loss: 0.03834974402561784 , Training Loss: 0.022863436073888667 , Timing: 0.003304004669189453
[03/22 11:34:34] train_sl INFO: Epoch: 157 , Validation Loss: 0.038366224803030494 , Test Loss: 0.03773778537288308 , Training Loss: 0.022570641791949477 , Timing: 0.0032243728637695312
[03/22 11:34:34] train_sl INFO: Epoch: 158 , Validation Loss: 0.04094279054552317 , Test Loss: 0.04050489338114858 , Training Loss: 0.02279455120711086 , Timing: 0.00311279296875
[03/22 11:34:34] train_sl INFO: Epoch: 159 , Validation Loss: 0.03988248030655086 , Test Loss: 0.039432876743376255 , Training Loss: 0.022395033505745232 , Timing: 0.00307464599609375
[03/22 11:34:34] train_sl INFO: Epoch: 160 , Validation Loss: 0.034684078628197314 , Test Loss: 0.033926192205399275 , Training Loss: 0.022118438778516766 , Timing: 0.0030727386474609375
[03/22 11:34:34] train_sl INFO: Model checkpoint saved at epoch: 160
[03/22 11:34:34] train_sl INFO: Epoch: 161 , Validation Loss: 0.033615757385268806 , Test Loss: 0.03280031979084015 , Training Loss: 0.0222909352921236 , Timing: 0.0030837059020996094
[03/22 11:34:34] train_sl INFO: Epoch: 162 , Validation Loss: 0.03443969953805208 , Test Loss: 0.03379879361018538 , Training Loss: 0.021061597387485493 , Timing: 0.003019571304321289
[03/22 11:34:34] train_sl INFO: Epoch: 163 , Validation Loss: 0.0357570213265717 , Test Loss: 0.035250263987109065 , Training Loss: 0.020873105856410872 , Timing: 0.003274679183959961
[03/22 11:34:35] train_sl INFO: Epoch: 164 , Validation Loss: 0.037027362687513235 , Test Loss: 0.03662002715282142 , Training Loss: 0.021116696016039126 , Timing: 0.003249645233154297
[03/22 11:34:35] train_sl INFO: Epoch: 165 , Validation Loss: 0.03713164362125099 , Test Loss: 0.036756890313699844 , Training Loss: 0.0211116853214872 , Timing: 0.003207683563232422
[03/22 11:34:35] train_sl INFO: Epoch: 166 , Validation Loss: 0.03305124444887042 , Test Loss: 0.032471350580453875 , Training Loss: 0.01998590242314654 , Timing: 0.0030794143676757812
[03/22 11:34:35] train_sl INFO: Epoch: 167 , Validation Loss: 0.030597107578068973 , Test Loss: 0.029816314345225692 , Training Loss: 0.02047259475176151 , Timing: 0.0032515525817871094
[03/22 11:34:35] train_sl INFO: Epoch: 168 , Validation Loss: 0.02995588267222047 , Test Loss: 0.029150567715987563 , Training Loss: 0.020419359950420376 , Timing: 0.003236055374145508
[03/22 11:34:35] train_sl INFO: Epoch: 169 , Validation Loss: 0.029994328739121556 , Test Loss: 0.02927359938621521 , Training Loss: 0.01955129909597767 , Timing: 0.0032546520233154297
[03/22 11:34:35] train_sl INFO: Epoch: 170 , Validation Loss: 0.032900503696873785 , Test Loss: 0.03244094545952976 , Training Loss: 0.01929951134101989 , Timing: 0.0031147003173828125
[03/22 11:34:35] train_sl INFO: Epoch: 171 , Validation Loss: 0.032275891909375784 , Test Loss: 0.03180436901748181 , Training Loss: 0.019012740401264567 , Timing: 0.0031456947326660156
[03/22 11:34:36] train_sl INFO: Epoch: 172 , Validation Loss: 0.02930652042850852 , Test Loss: 0.028661464061588048 , Training Loss: 0.01851603564304801 , Timing: 0.0032651424407958984
[03/22 11:34:36] train_sl INFO: Epoch: 173 , Validation Loss: 0.02878887322731316 , Test Loss: 0.028146071219816805 , Training Loss: 0.018261945640775733 , Timing: 0.0032613277435302734
[03/22 11:34:36] train_sl INFO: Epoch: 174 , Validation Loss: 0.031570178596302866 , Test Loss: 0.031154950382187963 , Training Loss: 0.018578114391017992 , Timing: 0.0032434463500976562
[03/22 11:34:36] train_sl INFO: Epoch: 175 , Validation Loss: 0.030807584710419177 , Test Loss: 0.030379859264940023 , Training Loss: 0.018271964920971256 , Timing: 0.0037565231323242188
[03/22 11:34:36] train_sl INFO: Epoch: 176, SELCON dataloader subset selection finished, takes 0.0253. 
[03/22 11:34:36] train_sl INFO: Epoch: 176 , Validation Loss: 0.027165067242458464 , Test Loss: 0.026514343405142426 , Training Loss: 0.017587451389632545 , Timing: 0.028939008712768555
[03/22 11:34:36] train_sl INFO: Epoch: 177 , Validation Loss: 0.026092168781906365 , Test Loss: 0.025361326104030014 , Training Loss: 0.01772571445102445 , Timing: 0.0036230087280273438
[03/22 11:34:36] train_sl INFO: Epoch: 178 , Validation Loss: 0.02654577069915831 , Test Loss: 0.025923269940540193 , Training Loss: 0.017130841621949982 , Timing: 0.0038928985595703125
[03/22 11:34:37] train_sl INFO: Epoch: 179 , Validation Loss: 0.02732395031489432 , Test Loss: 0.026805777801200747 , Training Loss: 0.017000996633074604 , Timing: 0.003874540328979492
[03/22 11:34:37] train_sl INFO: Epoch: 180 , Validation Loss: 0.02623278251849115 , Test Loss: 0.025670999800786375 , Training Loss: 0.016716657098955832 , Timing: 0.0038995742797851562
[03/22 11:34:37] train_sl INFO: Model checkpoint saved at epoch: 180
[03/22 11:34:37] train_sl INFO: Epoch: 181 , Validation Loss: 0.02577842720784247 , Test Loss: 0.025224167900159956 , Training Loss: 0.01652677265407804 , Timing: 0.0036945343017578125
[03/22 11:34:37] train_sl INFO: Epoch: 182 , Validation Loss: 0.026808743458241226 , Test Loss: 0.026364772394299508 , Training Loss: 0.016708474095839147 , Timing: 0.003838777542114258
[03/22 11:34:37] train_sl INFO: Epoch: 183 , Validation Loss: 0.024441381450742483 , Test Loss: 0.023854192858561874 , Training Loss: 0.016159802769274954 , Timing: 0.0036802291870117188
[03/22 11:34:37] train_sl INFO: Epoch: 184 , Validation Loss: 0.02298203557729721 , Test Loss: 0.0222292672842741 , Training Loss: 0.016709096362599388 , Timing: 0.003652811050415039
[03/22 11:34:37] train_sl INFO: Epoch: 185 , Validation Loss: 0.022784942528232932 , Test Loss: 0.022090300638228654 , Training Loss: 0.01616154175448733 , Timing: 0.003849506378173828
[03/22 11:34:37] train_sl INFO: Epoch: 186 , Validation Loss: 0.022532737953588365 , Test Loss: 0.02186509668827057 , Training Loss: 0.01587938417483551 , Timing: 0.003930091857910156
[03/22 11:34:38] train_sl INFO: Epoch: 187 , Validation Loss: 0.02400996843352914 , Test Loss: 0.02353501538746059 , Training Loss: 0.015651838558439452 , Timing: 0.0037505626678466797
[03/22 11:34:38] train_sl INFO: Epoch: 188 , Validation Loss: 0.026000067172572017 , Test Loss: 0.02567337383516133 , Training Loss: 0.016460626126410298 , Timing: 0.0037384033203125
[03/22 11:34:38] train_sl INFO: Epoch: 189 , Validation Loss: 0.024888146203011274 , Test Loss: 0.024518288765102626 , Training Loss: 0.015903249177007146 , Timing: 0.003712892532348633
[03/22 11:34:38] train_sl INFO: Epoch: 190 , Validation Loss: 0.02419357430189848 , Test Loss: 0.023798432480543853 , Training Loss: 0.015558310179935338 , Timing: 0.004073143005371094
[03/22 11:34:38] train_sl INFO: Epoch: 191 , Validation Loss: 0.023191591165959834 , Test Loss: 0.022743826359510423 , Training Loss: 0.015121701925706405 , Timing: 0.003591299057006836
[03/22 11:34:38] train_sl INFO: Epoch: 192 , Validation Loss: 0.021651580464094877 , Test Loss: 0.021084351092576982 , Training Loss: 0.014738461365385983 , Timing: 0.0035326480865478516
[03/22 11:34:38] train_sl INFO: Epoch: 193 , Validation Loss: 0.02165475143119693 , Test Loss: 0.021101834252476692 , Training Loss: 0.014623648858664988 , Timing: 0.003751993179321289
[03/22 11:34:38] train_sl INFO: Epoch: 194 , Validation Loss: 0.020925609208643437 , Test Loss: 0.02031101081520319 , Training Loss: 0.014563786703197716 , Timing: 0.003512859344482422
[03/22 11:34:39] train_sl INFO: Epoch: 195 , Validation Loss: 0.0202763251028955 , Test Loss: 0.019589061802253126 , Training Loss: 0.014724410076339085 , Timing: 0.0035219192504882812
[03/22 11:34:39] train_sl INFO: Epoch: 196 , Validation Loss: 0.019936214620247483 , Test Loss: 0.019219968607649206 , Training Loss: 0.014766425955503319 , Timing: 0.0035610198974609375
[03/22 11:34:39] train_sl INFO: Epoch: 197 , Validation Loss: 0.020380804175511004 , Test Loss: 0.019774781400337817 , Training Loss: 0.014203813571769457 , Timing: 0.0036478042602539062
[03/22 11:34:39] train_sl INFO: Epoch: 198 , Validation Loss: 0.021530064428225158 , Test Loss: 0.021049704775214194 , Training Loss: 0.014249015286063345 , Timing: 0.005911350250244141
[03/22 11:34:39] train_sl INFO: Epoch: 199 , Validation Loss: 0.020397675596177577 , Test Loss: 0.019842844782397152 , Training Loss: 0.013958201649634598 , Timing: 0.0033071041107177734
[03/22 11:34:39] train_sl INFO: Epoch: 200 , Validation Loss: 0.0190580063033849 , Test Loss: 0.018335426412522792 , Training Loss: 0.014340014438717984 , Timing: 0.00394129753112793
[03/22 11:34:39] train_sl INFO: Model checkpoint saved at epoch: 200
[03/22 11:34:39] train_sl INFO: SELCON Selection Run---------------------------------
[03/22 11:34:39] train_sl INFO: Final SubsetTrn: 0.017181
[03/22 11:34:39] train_sl INFO: Validation Loss: 0.02
[03/22 11:34:39] train_sl INFO: Test Data Loss: 0.018335
[03/22 11:34:39] train_sl INFO: ---------------------------------------------------------------------
[03/22 11:34:39] train_sl INFO: SELCON
[03/22 11:34:39] train_sl INFO: ---------------------------------------------------------------------
[03/22 11:34:39] train_sl INFO: [0.00403904914855957, 0.003991842269897461, 0.004130363464355469, 0.00395512580871582, 0.003889799118041992, 0.00399470329284668, 0.004111289978027344, 0.003983497619628906, 0.007297515869140625, 0.005323886871337891, 0.004194498062133789, 0.003998517990112305, 0.0041408538818359375, 0.003992557525634766, 0.0041196346282958984, 0.00416254997253418, 0.003981113433837891, 0.00426483154296875, 0.004147529602050781, 0.004141807556152344, 0.004238128662109375, 0.0040662288665771484, 0.004154682159423828, 0.004124164581298828, 0.0044710636138916016, 0.0041637420654296875, 0.0041196346282958984, 0.004147052764892578, 0.004111289978027344, 0.004225730895996094, 0.005200386047363281, 0.00407719612121582, 0.003506898880004883, 0.0034804344177246094, 0.003404378890991211, 0.028087139129638672, 0.0033593177795410156, 0.0031173229217529297, 0.0032875537872314453, 0.0032508373260498047, 0.0032057762145996094, 0.0029807090759277344, 0.003779172897338867, 0.0034008026123046875, 0.0036547183990478516, 0.005639553070068359, 0.003955841064453125, 0.003947257995605469, 0.003994941711425781, 0.0039386749267578125, 0.0039026737213134766, 0.003766775131225586, 0.0036160945892333984, 0.003970623016357422, 0.00456547737121582, 0.0039424896240234375, 0.006199359893798828, 0.0033292770385742188, 0.003274679183959961, 0.0032820701599121094, 0.003198385238647461, 0.003295421600341797, 0.0032155513763427734, 0.003147125244140625, 0.0030202865600585938, 0.003123044967651367, 0.003144979476928711, 0.0032422542572021484, 0.0033059120178222656, 0.0033028125762939453, 0.028692960739135742, 0.0039823055267333984, 0.003313302993774414, 0.003260374069213867, 0.0034668445587158203, 0.0032918453216552734, 0.003163576126098633, 0.0032274723052978516, 0.0031893253326416016, 0.003232717514038086, 0.0031995773315429688, 0.003252267837524414, 0.0032715797424316406, 0.0032312870025634766, 0.0032422542572021484, 0.0032014846801757812, 0.003144979476928711, 0.003204345703125, 0.003156423568725586, 0.0031995773315429688, 0.003245830535888672, 0.0032646656036376953, 0.0032668113708496094, 0.003251314163208008, 0.0033135414123535156, 0.0033464431762695312, 0.003250598907470703, 0.003271818161010742, 0.0033063888549804688, 0.0033621788024902344, 0.0032324790954589844, 0.0031557083129882812, 0.0030705928802490234, 0.003111124038696289, 0.003242015838623047, 0.027968168258666992, 0.0031948089599609375, 0.0032677650451660156, 0.00324249267578125, 0.003228902816772461, 0.003252744674682617, 0.0032906532287597656, 0.003267526626586914, 0.0032520294189453125, 0.003282785415649414, 0.003300189971923828, 0.003365755081176758, 0.0031707286834716797, 0.003214120864868164, 0.003246307373046875, 0.003120899200439453, 0.0032622814178466797, 0.003281116485595703, 0.0032553672790527344, 0.0032889842987060547, 0.0032646656036376953, 0.003255605697631836, 0.003235340118408203, 0.003211498260498047, 0.0032529830932617188, 0.003206014633178711, 0.0032274723052978516, 0.003246784210205078, 0.0033037662506103516, 0.003391742706298828, 0.004037380218505859, 0.0032606124877929688, 0.0032358169555664062, 0.003349781036376953, 0.0032095909118652344, 0.028401613235473633, 0.0032606124877929688, 0.0031037330627441406, 0.003036975860595703, 0.0032835006713867188, 0.003194093704223633, 0.0032570362091064453, 0.003322124481201172, 0.003187894821166992, 0.003153085708618164, 0.0032880306243896484, 0.003216266632080078, 0.0032510757446289062, 0.0030660629272460938, 0.003141641616821289, 0.003304004669189453, 0.0032243728637695312, 0.00311279296875, 0.00307464599609375, 0.0030727386474609375, 0.0030837059020996094, 0.003019571304321289, 0.003274679183959961, 0.003249645233154297, 0.003207683563232422, 0.0030794143676757812, 0.0032515525817871094, 0.003236055374145508, 0.0032546520233154297, 0.0031147003173828125, 0.0031456947326660156, 0.0032651424407958984, 0.0032613277435302734, 0.0032434463500976562, 0.0037565231323242188, 0.028939008712768555, 0.0036230087280273438, 0.0038928985595703125, 0.003874540328979492, 0.0038995742797851562, 0.0036945343017578125, 0.003838777542114258, 0.0036802291870117188, 0.003652811050415039, 0.003849506378173828, 0.003930091857910156, 0.0037505626678466797, 0.0037384033203125, 0.003712892532348633, 0.004073143005371094, 0.003591299057006836, 0.0035326480865478516, 0.003751993179321289, 0.003512859344482422, 0.0035219192504882812, 0.0035610198974609375, 0.0036478042602539062, 0.005911350250244141, 0.0033071041107177734, 0.00394129753112793]
[03/22 11:34:39] train_sl INFO: Total time taken by SELCON = 0.8357 
